{"timestamp":"2026-01-28T22:15:50.018600Z","level":"info","event":"DAG bundles loaded: dags-folder, example_dags","logger":"airflow.dag_processing.bundles.manager.DagBundlesManager","filename":"manager.py","lineno":179}
{"timestamp":"2026-01-28T22:15:50.018824Z","level":"info","event":"Filling up the DagBag from /Users/patchi.g/doordash-automation-project/airflow/dags/leads_generation.py","logger":"airflow.models.dagbag.DagBag","filename":"dagbag.py","lineno":593}
{"timestamp":"2026-01-28T22:15:50.053851Z","level":"info","event":"Task instance is in running state","logger":"task.stdout"}
{"timestamp":"2026-01-28T22:15:50.053939Z","level":"info","event":" Previous state of the Task instance: TaskInstanceState.QUEUED","logger":"task.stdout"}
{"timestamp":"2026-01-28T22:15:50.054253Z","level":"info","event":"Current task name:collect_data","logger":"task.stdout"}
{"timestamp":"2026-01-28T22:15:50.054276Z","level":"info","event":"Dag name:weekly_leads_generation","logger":"task.stdout"}
{"timestamp":"2026-01-28T22:15:50.109326Z","level":"info","event":"Starting data collection task","logger":"unusual_prefix_33ff983d312f0aded6bc88c2f04ea97767e27876_leads_generation","filename":"leads_generation.py","lineno":47}
{"timestamp":"2026-01-28T22:15:50.109403Z","level":"info","event":"Starting data collection: 5 cities × 6 queries = 30 searches","logger":"data_collection","filename":"data_collection.py","lineno":169}
{"timestamp":"2026-01-28T22:15:50.109435Z","level":"info","event":"[1/30] Processing: San Francisco, CA - pizza restaurants","logger":"data_collection","filename":"data_collection.py","lineno":174}
{"timestamp":"2026-01-28T22:15:50.322158Z","level":"info","event":"Searching for 'pizza restaurants' near San Francisco, CA (37.7749295, -122.4194155)","logger":"data_collection","filename":"data_collection.py","lineno":90}
{"timestamp":"2026-01-28T22:15:51.277394Z","level":"info","event":"Found 20 places for 'pizza restaurants' in San Francisco, CA","logger":"data_collection","filename":"data_collection.py","lineno":108}
{"timestamp":"2026-01-28T22:16:00.719761Z","level":"info","event":"[2/30] Processing: San Francisco, CA - chinese restaurants","logger":"data_collection","filename":"data_collection.py","lineno":174}
{"timestamp":"2026-01-28T22:16:00.901355Z","level":"info","event":"Searching for 'chinese restaurants' near San Francisco, CA (37.7749295, -122.4194155)","logger":"data_collection","filename":"data_collection.py","lineno":90}
{"timestamp":"2026-01-28T22:16:01.719853Z","level":"info","event":"Found 20 places for 'chinese restaurants' in San Francisco, CA","logger":"data_collection","filename":"data_collection.py","lineno":108}
{"timestamp":"2026-01-28T22:16:09.658499Z","level":"info","event":"[3/30] Processing: San Francisco, CA - mexican restaurants","logger":"data_collection","filename":"data_collection.py","lineno":174}
{"timestamp":"2026-01-28T22:16:09.837779Z","level":"info","event":"Searching for 'mexican restaurants' near San Francisco, CA (37.7749295, -122.4194155)","logger":"data_collection","filename":"data_collection.py","lineno":90}
{"timestamp":"2026-01-28T22:16:10.674429Z","level":"info","event":"Found 20 places for 'mexican restaurants' in San Francisco, CA","logger":"data_collection","filename":"data_collection.py","lineno":108}
{"timestamp":"2026-01-28T22:16:18.153075Z","level":"info","event":"[4/30] Processing: San Francisco, CA - grocery stores","logger":"data_collection","filename":"data_collection.py","lineno":174}
{"timestamp":"2026-01-28T22:16:18.523455Z","level":"info","event":"Searching for 'grocery stores' near San Francisco, CA (37.7749295, -122.4194155)","logger":"data_collection","filename":"data_collection.py","lineno":90}
{"timestamp":"2026-01-28T22:16:19.335748Z","level":"info","event":"Found 20 places for 'grocery stores' in San Francisco, CA","logger":"data_collection","filename":"data_collection.py","lineno":108}
{"timestamp":"2026-01-28T22:16:26.879864Z","level":"info","event":"[5/30] Processing: San Francisco, CA - supermarkets","logger":"data_collection","filename":"data_collection.py","lineno":174}
{"timestamp":"2026-01-28T22:16:27.047831Z","level":"info","event":"Searching for 'supermarkets' near San Francisco, CA (37.7749295, -122.4194155)","logger":"data_collection","filename":"data_collection.py","lineno":90}
{"timestamp":"2026-01-28T22:16:27.981239Z","level":"info","event":"Found 20 places for 'supermarkets' in San Francisco, CA","logger":"data_collection","filename":"data_collection.py","lineno":108}
{"timestamp":"2026-01-28T22:16:34.998549Z","level":"info","event":"[6/30] Processing: San Francisco, CA - convenience stores","logger":"data_collection","filename":"data_collection.py","lineno":174}
{"timestamp":"2026-01-28T22:16:35.108084Z","level":"info","event":"Searching for 'convenience stores' near San Francisco, CA (37.7749295, -122.4194155)","logger":"data_collection","filename":"data_collection.py","lineno":90}
{"timestamp":"2026-01-28T22:16:36.017872Z","level":"info","event":"Found 20 places for 'convenience stores' in San Francisco, CA","logger":"data_collection","filename":"data_collection.py","lineno":108}
{"timestamp":"2026-01-28T22:16:43.300361Z","level":"info","event":"[7/30] Processing: New York, NY - pizza restaurants","logger":"data_collection","filename":"data_collection.py","lineno":174}
{"timestamp":"2026-01-28T22:16:43.404026Z","level":"info","event":"Searching for 'pizza restaurants' near New York, NY (40.7127753, -74.0059728)","logger":"data_collection","filename":"data_collection.py","lineno":90}
{"timestamp":"2026-01-28T22:16:44.004447Z","level":"info","event":"Found 20 places for 'pizza restaurants' in New York, NY","logger":"data_collection","filename":"data_collection.py","lineno":108}
{"timestamp":"2026-01-28T22:16:50.724819Z","level":"info","event":"[8/30] Processing: New York, NY - chinese restaurants","logger":"data_collection","filename":"data_collection.py","lineno":174}
{"timestamp":"2026-01-28T22:16:50.859809Z","level":"info","event":"Searching for 'chinese restaurants' near New York, NY (40.7127753, -74.0059728)","logger":"data_collection","filename":"data_collection.py","lineno":90}
{"timestamp":"2026-01-28T22:16:51.522147Z","level":"info","event":"Found 20 places for 'chinese restaurants' in New York, NY","logger":"data_collection","filename":"data_collection.py","lineno":108}
{"timestamp":"2026-01-28T22:16:59.289252Z","level":"info","event":"[9/30] Processing: New York, NY - mexican restaurants","logger":"data_collection","filename":"data_collection.py","lineno":174}
{"timestamp":"2026-01-28T22:16:59.467730Z","level":"info","event":"Searching for 'mexican restaurants' near New York, NY (40.7127753, -74.0059728)","logger":"data_collection","filename":"data_collection.py","lineno":90}
{"timestamp":"2026-01-28T22:17:00.189372Z","level":"info","event":"Found 20 places for 'mexican restaurants' in New York, NY","logger":"data_collection","filename":"data_collection.py","lineno":108}
{"timestamp":"2026-01-28T22:17:07.789959Z","level":"info","event":"[10/30] Processing: New York, NY - grocery stores","logger":"data_collection","filename":"data_collection.py","lineno":174}
{"timestamp":"2026-01-28T22:17:07.947830Z","level":"info","event":"Searching for 'grocery stores' near New York, NY (40.7127753, -74.0059728)","logger":"data_collection","filename":"data_collection.py","lineno":90}
{"timestamp":"2026-01-28T22:17:08.572420Z","level":"info","event":"Found 20 places for 'grocery stores' in New York, NY","logger":"data_collection","filename":"data_collection.py","lineno":108}
{"timestamp":"2026-01-28T22:17:16.458696Z","level":"info","event":"[11/30] Processing: New York, NY - supermarkets","logger":"data_collection","filename":"data_collection.py","lineno":174}
{"timestamp":"2026-01-28T22:17:16.568773Z","level":"info","event":"Searching for 'supermarkets' near New York, NY (40.7127753, -74.0059728)","logger":"data_collection","filename":"data_collection.py","lineno":90}
{"timestamp":"2026-01-28T22:17:17.407103Z","level":"info","event":"Found 20 places for 'supermarkets' in New York, NY","logger":"data_collection","filename":"data_collection.py","lineno":108}
{"timestamp":"2026-01-28T22:17:24.331519Z","level":"info","event":"[12/30] Processing: New York, NY - convenience stores","logger":"data_collection","filename":"data_collection.py","lineno":174}
{"timestamp":"2026-01-28T22:17:24.466197Z","level":"info","event":"Searching for 'convenience stores' near New York, NY (40.7127753, -74.0059728)","logger":"data_collection","filename":"data_collection.py","lineno":90}
{"timestamp":"2026-01-28T22:17:25.289233Z","level":"info","event":"Found 20 places for 'convenience stores' in New York, NY","logger":"data_collection","filename":"data_collection.py","lineno":108}
{"timestamp":"2026-01-28T22:17:32.733879Z","level":"info","event":"[13/30] Processing: Chicago, IL - pizza restaurants","logger":"data_collection","filename":"data_collection.py","lineno":174}
{"timestamp":"2026-01-28T22:17:32.936999Z","level":"info","event":"Searching for 'pizza restaurants' near Chicago, IL (41.88325, -87.6323879)","logger":"data_collection","filename":"data_collection.py","lineno":90}
{"timestamp":"2026-01-28T22:17:33.710363Z","level":"info","event":"Found 20 places for 'pizza restaurants' in Chicago, IL","logger":"data_collection","filename":"data_collection.py","lineno":108}
{"timestamp":"2026-01-28T22:17:41.553788Z","level":"info","event":"[14/30] Processing: Chicago, IL - chinese restaurants","logger":"data_collection","filename":"data_collection.py","lineno":174}
{"timestamp":"2026-01-28T22:17:41.922021Z","level":"info","event":"Searching for 'chinese restaurants' near Chicago, IL (41.88325, -87.6323879)","logger":"data_collection","filename":"data_collection.py","lineno":90}
{"timestamp":"2026-01-28T22:17:42.584368Z","level":"info","event":"Found 20 places for 'chinese restaurants' in Chicago, IL","logger":"data_collection","filename":"data_collection.py","lineno":108}
{"timestamp":"2026-01-28T22:17:49.732919Z","level":"info","event":"[15/30] Processing: Chicago, IL - mexican restaurants","logger":"data_collection","filename":"data_collection.py","lineno":174}
{"timestamp":"2026-01-28T22:17:49.897779Z","level":"info","event":"Searching for 'mexican restaurants' near Chicago, IL (41.88325, -87.6323879)","logger":"data_collection","filename":"data_collection.py","lineno":90}
{"timestamp":"2026-01-28T22:17:50.571142Z","level":"info","event":"Found 20 places for 'mexican restaurants' in Chicago, IL","logger":"data_collection","filename":"data_collection.py","lineno":108}
{"timestamp":"2026-01-28T22:17:58.970273Z","level":"info","event":"[16/30] Processing: Chicago, IL - grocery stores","logger":"data_collection","filename":"data_collection.py","lineno":174}
{"timestamp":"2026-01-28T22:17:59.149329Z","level":"info","event":"Searching for 'grocery stores' near Chicago, IL (41.88325, -87.6323879)","logger":"data_collection","filename":"data_collection.py","lineno":90}
{"timestamp":"2026-01-28T22:17:59.894502Z","level":"info","event":"Found 20 places for 'grocery stores' in Chicago, IL","logger":"data_collection","filename":"data_collection.py","lineno":108}
{"timestamp":"2026-01-28T22:18:08.366553Z","level":"info","event":"[17/30] Processing: Chicago, IL - supermarkets","logger":"data_collection","filename":"data_collection.py","lineno":174}
{"timestamp":"2026-01-28T22:18:08.582908Z","level":"info","event":"Searching for 'supermarkets' near Chicago, IL (41.88325, -87.6323879)","logger":"data_collection","filename":"data_collection.py","lineno":90}
{"timestamp":"2026-01-28T22:18:09.357302Z","level":"info","event":"Found 20 places for 'supermarkets' in Chicago, IL","logger":"data_collection","filename":"data_collection.py","lineno":108}
{"timestamp":"2026-01-28T22:18:14.594226Z","level":"info","event":"[18/30] Processing: Chicago, IL - convenience stores","logger":"data_collection","filename":"data_collection.py","lineno":174}
{"timestamp":"2026-01-28T22:18:14.709452Z","level":"info","event":"Searching for 'convenience stores' near Chicago, IL (41.88325, -87.6323879)","logger":"data_collection","filename":"data_collection.py","lineno":90}
{"timestamp":"2026-01-28T22:18:15.456674Z","level":"info","event":"Found 20 places for 'convenience stores' in Chicago, IL","logger":"data_collection","filename":"data_collection.py","lineno":108}
{"timestamp":"2026-01-28T22:18:23.568670Z","level":"info","event":"[19/30] Processing: Los Angeles, CA - pizza restaurants","logger":"data_collection","filename":"data_collection.py","lineno":174}
{"timestamp":"2026-01-28T22:18:23.687951Z","level":"info","event":"Searching for 'pizza restaurants' near Los Angeles, CA (34.0549076, -118.242643)","logger":"data_collection","filename":"data_collection.py","lineno":90}
{"timestamp":"2026-01-28T22:18:24.731748Z","level":"info","event":"Found 20 places for 'pizza restaurants' in Los Angeles, CA","logger":"data_collection","filename":"data_collection.py","lineno":108}
{"timestamp":"2026-01-28T22:18:32.261307Z","level":"info","event":"[20/30] Processing: Los Angeles, CA - chinese restaurants","logger":"data_collection","filename":"data_collection.py","lineno":174}
{"timestamp":"2026-01-28T22:18:32.366814Z","level":"info","event":"Searching for 'chinese restaurants' near Los Angeles, CA (34.0549076, -118.242643)","logger":"data_collection","filename":"data_collection.py","lineno":90}
{"timestamp":"2026-01-28T22:18:32.968443Z","level":"info","event":"Found 20 places for 'chinese restaurants' in Los Angeles, CA","logger":"data_collection","filename":"data_collection.py","lineno":108}
{"timestamp":"2026-01-28T22:18:40.863109Z","level":"info","event":"[21/30] Processing: Los Angeles, CA - mexican restaurants","logger":"data_collection","filename":"data_collection.py","lineno":174}
{"timestamp":"2026-01-28T22:18:40.949925Z","level":"info","event":"Searching for 'mexican restaurants' near Los Angeles, CA (34.0549076, -118.242643)","logger":"data_collection","filename":"data_collection.py","lineno":90}
{"timestamp":"2026-01-28T22:18:41.632711Z","level":"info","event":"Found 20 places for 'mexican restaurants' in Los Angeles, CA","logger":"data_collection","filename":"data_collection.py","lineno":108}
{"timestamp":"2026-01-28T22:18:53.421987Z","level":"info","event":"[22/30] Processing: Los Angeles, CA - grocery stores","logger":"data_collection","filename":"data_collection.py","lineno":174}
{"timestamp":"2026-01-28T22:18:53.776763Z","level":"info","event":"Searching for 'grocery stores' near Los Angeles, CA (34.0549076, -118.242643)","logger":"data_collection","filename":"data_collection.py","lineno":90}
{"timestamp":"2026-01-28T22:18:54.573409Z","level":"info","event":"Found 20 places for 'grocery stores' in Los Angeles, CA","logger":"data_collection","filename":"data_collection.py","lineno":108}
{"timestamp":"2026-01-28T22:19:03.110617Z","level":"info","event":"[23/30] Processing: Los Angeles, CA - supermarkets","logger":"data_collection","filename":"data_collection.py","lineno":174}
{"timestamp":"2026-01-28T22:19:03.241062Z","level":"info","event":"Searching for 'supermarkets' near Los Angeles, CA (34.0549076, -118.242643)","logger":"data_collection","filename":"data_collection.py","lineno":90}
{"timestamp":"2026-01-28T22:19:04.208426Z","level":"info","event":"Found 20 places for 'supermarkets' in Los Angeles, CA","logger":"data_collection","filename":"data_collection.py","lineno":108}
{"timestamp":"2026-01-28T22:19:10.645919Z","level":"info","event":"[24/30] Processing: Los Angeles, CA - convenience stores","logger":"data_collection","filename":"data_collection.py","lineno":174}
{"timestamp":"2026-01-28T22:19:10.765697Z","level":"info","event":"Searching for 'convenience stores' near Los Angeles, CA (34.0549076, -118.242643)","logger":"data_collection","filename":"data_collection.py","lineno":90}
{"timestamp":"2026-01-28T22:19:11.754962Z","level":"info","event":"Found 20 places for 'convenience stores' in Los Angeles, CA","logger":"data_collection","filename":"data_collection.py","lineno":108}
{"timestamp":"2026-01-28T22:19:20.270987Z","level":"info","event":"[25/30] Processing: Seattle, WA - pizza restaurants","logger":"data_collection","filename":"data_collection.py","lineno":174}
{"timestamp":"2026-01-28T22:19:20.492850Z","level":"info","event":"Searching for 'pizza restaurants' near Seattle, WA (47.6061389, -122.3328481)","logger":"data_collection","filename":"data_collection.py","lineno":90}
{"timestamp":"2026-01-28T22:19:21.276167Z","level":"info","event":"Found 20 places for 'pizza restaurants' in Seattle, WA","logger":"data_collection","filename":"data_collection.py","lineno":108}
{"timestamp":"2026-01-28T22:19:29.344342Z","level":"info","event":"[26/30] Processing: Seattle, WA - chinese restaurants","logger":"data_collection","filename":"data_collection.py","lineno":174}
{"timestamp":"2026-01-28T22:19:29.418728Z","level":"info","event":"Searching for 'chinese restaurants' near Seattle, WA (47.6061389, -122.3328481)","logger":"data_collection","filename":"data_collection.py","lineno":90}
{"timestamp":"2026-01-28T22:19:30.414583Z","level":"info","event":"Found 20 places for 'chinese restaurants' in Seattle, WA","logger":"data_collection","filename":"data_collection.py","lineno":108}
{"timestamp":"2026-01-28T22:19:39.343102Z","level":"info","event":"[27/30] Processing: Seattle, WA - mexican restaurants","logger":"data_collection","filename":"data_collection.py","lineno":174}
{"timestamp":"2026-01-28T22:19:39.444513Z","level":"info","event":"Searching for 'mexican restaurants' near Seattle, WA (47.6061389, -122.3328481)","logger":"data_collection","filename":"data_collection.py","lineno":90}
{"timestamp":"2026-01-28T22:19:40.330455Z","level":"info","event":"Found 20 places for 'mexican restaurants' in Seattle, WA","logger":"data_collection","filename":"data_collection.py","lineno":108}
{"timestamp":"2026-01-28T22:19:48.533560Z","level":"info","event":"[28/30] Processing: Seattle, WA - grocery stores","logger":"data_collection","filename":"data_collection.py","lineno":174}
{"timestamp":"2026-01-28T22:19:48.719670Z","level":"info","event":"Searching for 'grocery stores' near Seattle, WA (47.6061389, -122.3328481)","logger":"data_collection","filename":"data_collection.py","lineno":90}
{"timestamp":"2026-01-28T22:19:49.492840Z","level":"info","event":"Found 20 places for 'grocery stores' in Seattle, WA","logger":"data_collection","filename":"data_collection.py","lineno":108}
{"timestamp":"2026-01-28T22:19:56.471864Z","level":"info","event":"[29/30] Processing: Seattle, WA - supermarkets","logger":"data_collection","filename":"data_collection.py","lineno":174}
{"timestamp":"2026-01-28T22:19:56.670743Z","level":"info","event":"Searching for 'supermarkets' near Seattle, WA (47.6061389, -122.3328481)","logger":"data_collection","filename":"data_collection.py","lineno":90}
{"timestamp":"2026-01-28T22:19:57.645135Z","level":"info","event":"Found 20 places for 'supermarkets' in Seattle, WA","logger":"data_collection","filename":"data_collection.py","lineno":108}
{"timestamp":"2026-01-28T22:20:02.363062Z","level":"info","event":"[30/30] Processing: Seattle, WA - convenience stores","logger":"data_collection","filename":"data_collection.py","lineno":174}
{"timestamp":"2026-01-28T22:20:02.448022Z","level":"info","event":"Searching for 'convenience stores' near Seattle, WA (47.6061389, -122.3328481)","logger":"data_collection","filename":"data_collection.py","lineno":90}
{"timestamp":"2026-01-28T22:20:03.282572Z","level":"info","event":"Found 20 places for 'convenience stores' in Seattle, WA","logger":"data_collection","filename":"data_collection.py","lineno":108}
{"timestamp":"2026-01-28T22:20:10.749386Z","level":"info","event":"Data collection complete: 577 unique businesses collected","logger":"data_collection","filename":"data_collection.py","lineno":221}
{"timestamp":"2026-01-28T22:20:10.797330Z","level":"info","event":"Raw data saved to data/raw/businesses_20260128_172010.csv","logger":"data_collection","filename":"data_collection.py","lineno":268}
{"timestamp":"2026-01-28T22:20:10.797610Z","level":"info","event":"Data collection completed: 577 businesses","logger":"unusual_prefix_33ff983d312f0aded6bc88c2f04ea97767e27876_leads_generation","filename":"leads_generation.py","lineno":54}
{"timestamp":"2026-01-28T22:20:10.813581Z","level":"info","event":"Done. Returned value was: 577","logger":"airflow.task.operators.airflow.providers.standard.operators.python.PythonOperator","filename":"python.py","lineno":216}
{"timestamp":"2026-01-28T22:20:10.814321Z","level":"info","event":"Pushing xcom","ti":"RuntimeTaskInstance(id=UUID('019c06a8-c043-7e1e-9388-72a3feb28852'), task_id='collect_data', dag_id='weekly_leads_generation', run_id='manual__2026-01-28T22:10:41+00:00', try_number=2, dag_version_id=UUID('019c06a7-0e0b-7f6c-afe6-86d04e458d34'), map_index=-1, hostname='gouthams-macbook-pro.local', context_carrier={}, task=<Task(PythonOperator): collect_data>, bundle_instance=LocalDagBundle(name=dags-folder), max_tries=2, start_date=datetime.datetime(2026, 1, 28, 22, 15, 49, 285771, tzinfo=datetime.timezone.utc), end_date=None, state=<TaskInstanceState.RUNNING: 'running'>, is_mapped=False, rendered_map_index=None)","logger":"task","filename":"task_runner.py","lineno":1450}
{"timestamp":"2026-01-28T22:20:10.832158Z","level":"info","event":"Task instance in success state","logger":"task.stdout"}
{"timestamp":"2026-01-28T22:20:10.832253Z","level":"info","event":" Previous state of the Task instance: TaskInstanceState.RUNNING","logger":"task.stdout"}
{"timestamp":"2026-01-28T22:20:10.833583Z","level":"info","event":"Task operator:<Task(PythonOperator): collect_data>","logger":"task.stdout"}
