{"timestamp":"2026-01-28T21:09:14.996206Z","level":"info","event":"DAG bundles loaded: dags-folder, example_dags","logger":"airflow.dag_processing.bundles.manager.DagBundlesManager","filename":"manager.py","lineno":179}
{"timestamp":"2026-01-28T21:09:14.997009Z","level":"info","event":"Filling up the DagBag from /Users/patchi.g/doordash-automation-project/airflow/dags/leads_generation.py","logger":"airflow.models.dagbag.DagBag","filename":"dagbag.py","lineno":593}
{"timestamp":"2026-01-28T21:09:15.062551Z","level":"info","event":"Task instance is in running state","logger":"task.stdout"}
{"timestamp":"2026-01-28T21:09:15.062619Z","level":"info","event":" Previous state of the Task instance: TaskInstanceState.QUEUED","logger":"task.stdout"}
{"timestamp":"2026-01-28T21:09:15.063077Z","level":"info","event":"Current task name:export_csv","logger":"task.stdout"}
{"timestamp":"2026-01-28T21:09:15.063185Z","level":"info","event":"Dag name:weekly_leads_generation","logger":"task.stdout"}
{"timestamp":"2026-01-28T21:09:15.065667Z","level":"info","event":"Starting CSV export task","logger":"unusual_prefix_33ff983d312f0aded6bc88c2f04ea97767e27876_leads_generation","filename":"leads_generation.py","lineno":121}
{"timestamp":"2026-01-28T21:09:15.065929Z","level":"info","event":"Loading data from: /Users/patchi.g/doordash-automation-project/data/processed/scored_leads_20260128_160912.csv","logger":"export_leads","filename":"export_leads.py","lineno":36}
{"timestamp":"2026-01-28T21:09:15.071022Z","level":"info","event":"Loaded 576 scored leads","logger":"export_leads","filename":"export_leads.py","lineno":39}
{"timestamp":"2026-01-28T21:09:15.071069Z","level":"info","event":"Applying vertical-specific filters","logger":"export_leads","filename":"export_leads.py","lineno":55}
{"timestamp":"2026-01-28T21:09:15.072158Z","level":"info","event":"  restaurants: 200 leads (filtered from 576, min score: 50, target: 200)","logger":"export_leads","filename":"export_leads.py","lineno":78}
{"timestamp":"2026-01-28T21:09:15.072455Z","level":"warning","event":"  grocery: No leads found","logger":"export_leads","filename":"export_leads.py","lineno":64}
{"timestamp":"2026-01-28T21:09:15.072690Z","level":"warning","event":"  retail: No leads found","logger":"export_leads","filename":"export_leads.py","lineno":64}
{"timestamp":"2026-01-28T21:09:15.072728Z","level":"info","event":"Exporting to CSV files","logger":"export_leads","filename":"export_leads.py","lineno":94}
{"timestamp":"2026-01-28T21:09:15.078515Z","level":"info","event":"  Exported restaurants: /Users/patchi.g/doordash-automation-project/data/output/restaurants_leads_week5_2026_20260128_160915.csv (200 leads)","logger":"export_leads","filename":"export_leads.py","lineno":134}
{"timestamp":"2026-01-28T21:09:15.078558Z","level":"info","event":"Creating combined export file","logger":"export_leads","filename":"export_leads.py","lineno":186}
{"timestamp":"2026-01-28T21:09:15.080926Z","level":"info","event":"Combined export created: /Users/patchi.g/doordash-automation-project/data/output/all_leads_combined_20260128_160915.csv (200 leads)","logger":"export_leads","filename":"export_leads.py","lineno":228}
{"timestamp":"2026-01-28T21:09:15.081017Z","level":"info","event":"Generating sales team summary","logger":"export_leads","filename":"export_leads.py","lineno":244}
{"timestamp":"2026-01-28T21:09:15.082436Z","level":"info","event":"Sales summary saved to /Users/patchi.g/doordash-automation-project/data/output/sales_summary_week5_2026_20260128_160915.txt","logger":"export_leads","filename":"export_leads.py","lineno":272}
{"timestamp":"2026-01-28T21:09:15.082498Z","level":"info","event":"CSV export completed: 200 leads","logger":"unusual_prefix_33ff983d312f0aded6bc88c2f04ea97767e27876_leads_generation","filename":"leads_generation.py","lineno":136}
{"timestamp":"2026-01-28T21:09:15.097897Z","level":"info","event":"Done. Returned value was: {'restaurants': '/Users/patchi.g/doordash-automation-project/data/output/restaurants_leads_week5_2026_20260128_160915.csv'}","logger":"airflow.task.operators.airflow.providers.standard.operators.python.PythonOperator","filename":"python.py","lineno":216}
{"timestamp":"2026-01-28T21:09:15.097993Z","level":"info","event":"Pushing xcom","ti":"RuntimeTaskInstance(id=UUID('019c0667-8f56-7fb3-9bed-70f80d9519d0'), task_id='export_csv', dag_id='weekly_leads_generation', run_id='manual__2026-01-28T20:59:34+00:00', try_number=1, dag_version_id=UUID('019c0624-b4b2-757d-bdd9-5f2febd436ce'), map_index=-1, hostname='gouthams-macbook-pro.local', context_carrier={}, task=<Task(PythonOperator): export_csv>, bundle_instance=LocalDagBundle(name=dags-folder), max_tries=2, start_date=datetime.datetime(2026, 1, 28, 21, 9, 13, 914236, tzinfo=datetime.timezone.utc), end_date=None, state=<TaskInstanceState.RUNNING: 'running'>, is_mapped=False, rendered_map_index=None)","logger":"task","filename":"task_runner.py","lineno":1450}
{"timestamp":"2026-01-28T21:09:15.106689Z","level":"info","event":"Task instance in success state","logger":"task.stdout"}
{"timestamp":"2026-01-28T21:09:15.106743Z","level":"info","event":" Previous state of the Task instance: TaskInstanceState.RUNNING","logger":"task.stdout"}
{"timestamp":"2026-01-28T21:09:15.107174Z","level":"info","event":"Task operator:<Task(PythonOperator): export_csv>","logger":"task.stdout"}
