{"timestamp":"2026-01-28T20:38:49.718896Z","level":"info","event":"DAG bundles loaded: dags-folder, example_dags","logger":"airflow.dag_processing.bundles.manager.DagBundlesManager","filename":"manager.py","lineno":179}
{"timestamp":"2026-01-28T20:38:49.719087Z","level":"info","event":"Filling up the DagBag from /Users/patchi.g/doordash-automation-project/airflow/dags/leads_generation.py","logger":"airflow.models.dagbag.DagBag","filename":"dagbag.py","lineno":593}
{"timestamp":"2026-01-28T20:38:49.756261Z","level":"info","event":"Task instance is in running state","logger":"task.stdout"}
{"timestamp":"2026-01-28T20:38:49.756358Z","level":"info","event":" Previous state of the Task instance: TaskInstanceState.QUEUED","logger":"task.stdout"}
{"timestamp":"2026-01-28T20:38:49.756593Z","level":"info","event":"Current task name:collect_data","logger":"task.stdout"}
{"timestamp":"2026-01-28T20:38:49.756616Z","level":"info","event":"Dag name:weekly_leads_generation","logger":"task.stdout"}
{"timestamp":"2026-01-28T20:38:49.805827Z","level":"info","event":"Starting data collection task","logger":"unusual_prefix_33ff983d312f0aded6bc88c2f04ea97767e27876_leads_generation","filename":"leads_generation.py","lineno":47}
{"timestamp":"2026-01-28T20:38:49.805899Z","level":"info","event":"Starting data collection: 5 cities × 6 queries = 30 searches","logger":"data_collection","filename":"data_collection.py","lineno":169}
{"timestamp":"2026-01-28T20:38:49.805931Z","level":"info","event":"[1/30] Processing: San Francisco, CA - pizza restaurants","logger":"data_collection","filename":"data_collection.py","lineno":174}
{"timestamp":"2026-01-28T20:38:50.054709Z","level":"info","event":"Searching for 'pizza restaurants' near San Francisco, CA (37.7749295, -122.4194155)","logger":"data_collection","filename":"data_collection.py","lineno":90}
{"timestamp":"2026-01-28T20:38:51.099226Z","level":"info","event":"Found 20 places for 'pizza restaurants' in San Francisco, CA","logger":"data_collection","filename":"data_collection.py","lineno":108}
{"timestamp":"2026-01-28T20:38:58.970617Z","level":"info","event":"[2/30] Processing: San Francisco, CA - chinese restaurants","logger":"data_collection","filename":"data_collection.py","lineno":174}
{"timestamp":"2026-01-28T20:38:59.301313Z","level":"info","event":"Searching for 'chinese restaurants' near San Francisco, CA (37.7749295, -122.4194155)","logger":"data_collection","filename":"data_collection.py","lineno":90}
{"timestamp":"2026-01-28T20:39:00.549102Z","level":"info","event":"Found 20 places for 'chinese restaurants' in San Francisco, CA","logger":"data_collection","filename":"data_collection.py","lineno":108}
{"timestamp":"2026-01-28T20:39:08.585658Z","level":"info","event":"[3/30] Processing: San Francisco, CA - mexican restaurants","logger":"data_collection","filename":"data_collection.py","lineno":174}
{"timestamp":"2026-01-28T20:39:08.761046Z","level":"info","event":"Searching for 'mexican restaurants' near San Francisco, CA (37.7749295, -122.4194155)","logger":"data_collection","filename":"data_collection.py","lineno":90}
{"timestamp":"2026-01-28T20:39:10.694039Z","level":"info","event":"Found 20 places for 'mexican restaurants' in San Francisco, CA","logger":"data_collection","filename":"data_collection.py","lineno":108}
{"timestamp":"2026-01-28T20:39:18.583407Z","level":"info","event":"[4/30] Processing: San Francisco, CA - grocery stores","logger":"data_collection","filename":"data_collection.py","lineno":174}
{"timestamp":"2026-01-28T20:39:18.694778Z","level":"info","event":"Searching for 'grocery stores' near San Francisco, CA (37.7749295, -122.4194155)","logger":"data_collection","filename":"data_collection.py","lineno":90}
{"timestamp":"2026-01-28T20:39:19.502183Z","level":"info","event":"Found 20 places for 'grocery stores' in San Francisco, CA","logger":"data_collection","filename":"data_collection.py","lineno":108}
{"timestamp":"2026-01-28T20:39:26.232502Z","level":"info","event":"[5/30] Processing: San Francisco, CA - supermarkets","logger":"data_collection","filename":"data_collection.py","lineno":174}
{"timestamp":"2026-01-28T20:39:26.623930Z","level":"info","event":"Searching for 'supermarkets' near San Francisco, CA (37.7749295, -122.4194155)","logger":"data_collection","filename":"data_collection.py","lineno":90}
{"timestamp":"2026-01-28T20:39:27.376010Z","level":"info","event":"Found 20 places for 'supermarkets' in San Francisco, CA","logger":"data_collection","filename":"data_collection.py","lineno":108}
{"timestamp":"2026-01-28T20:39:33.582670Z","level":"info","event":"[6/30] Processing: San Francisco, CA - convenience stores","logger":"data_collection","filename":"data_collection.py","lineno":174}
{"timestamp":"2026-01-28T20:39:33.735963Z","level":"info","event":"Searching for 'convenience stores' near San Francisco, CA (37.7749295, -122.4194155)","logger":"data_collection","filename":"data_collection.py","lineno":90}
{"timestamp":"2026-01-28T20:39:34.647358Z","level":"info","event":"Found 20 places for 'convenience stores' in San Francisco, CA","logger":"data_collection","filename":"data_collection.py","lineno":108}
{"timestamp":"2026-01-28T20:39:41.966102Z","level":"info","event":"[7/30] Processing: New York, NY - pizza restaurants","logger":"data_collection","filename":"data_collection.py","lineno":174}
{"timestamp":"2026-01-28T20:39:42.114368Z","level":"info","event":"Searching for 'pizza restaurants' near New York, NY (40.7127753, -74.0059728)","logger":"data_collection","filename":"data_collection.py","lineno":90}
{"timestamp":"2026-01-28T20:39:43.040591Z","level":"info","event":"Found 20 places for 'pizza restaurants' in New York, NY","logger":"data_collection","filename":"data_collection.py","lineno":108}
{"timestamp":"2026-01-28T20:39:50.061878Z","level":"info","event":"[8/30] Processing: New York, NY - chinese restaurants","logger":"data_collection","filename":"data_collection.py","lineno":174}
{"timestamp":"2026-01-28T20:39:50.163363Z","level":"info","event":"Searching for 'chinese restaurants' near New York, NY (40.7127753, -74.0059728)","logger":"data_collection","filename":"data_collection.py","lineno":90}
{"timestamp":"2026-01-28T20:39:51.074105Z","level":"info","event":"Found 20 places for 'chinese restaurants' in New York, NY","logger":"data_collection","filename":"data_collection.py","lineno":108}
{"timestamp":"2026-01-28T20:39:57.517719Z","level":"info","event":"[9/30] Processing: New York, NY - mexican restaurants","logger":"data_collection","filename":"data_collection.py","lineno":174}
{"timestamp":"2026-01-28T20:39:58.735175Z","level":"info","event":"Searching for 'mexican restaurants' near New York, NY (40.7127753, -74.0059728)","logger":"data_collection","filename":"data_collection.py","lineno":90}
{"timestamp":"2026-01-28T20:39:59.509452Z","level":"info","event":"Found 20 places for 'mexican restaurants' in New York, NY","logger":"data_collection","filename":"data_collection.py","lineno":108}
{"timestamp":"2026-01-28T20:40:05.800038Z","level":"info","event":"[10/30] Processing: New York, NY - grocery stores","logger":"data_collection","filename":"data_collection.py","lineno":174}
{"timestamp":"2026-01-28T20:40:05.984706Z","level":"info","event":"Searching for 'grocery stores' near New York, NY (40.7127753, -74.0059728)","logger":"data_collection","filename":"data_collection.py","lineno":90}
{"timestamp":"2026-01-28T20:40:06.897530Z","level":"info","event":"Found 20 places for 'grocery stores' in New York, NY","logger":"data_collection","filename":"data_collection.py","lineno":108}
{"timestamp":"2026-01-28T20:40:13.959002Z","level":"info","event":"[11/30] Processing: New York, NY - supermarkets","logger":"data_collection","filename":"data_collection.py","lineno":174}
{"timestamp":"2026-01-28T20:40:14.054943Z","level":"info","event":"Searching for 'supermarkets' near New York, NY (40.7127753, -74.0059728)","logger":"data_collection","filename":"data_collection.py","lineno":90}
{"timestamp":"2026-01-28T20:40:14.781854Z","level":"info","event":"Found 20 places for 'supermarkets' in New York, NY","logger":"data_collection","filename":"data_collection.py","lineno":108}
{"timestamp":"2026-01-28T20:40:19.866517Z","level":"info","event":"[12/30] Processing: New York, NY - convenience stores","logger":"data_collection","filename":"data_collection.py","lineno":174}
{"timestamp":"2026-01-28T20:40:20.275036Z","level":"info","event":"Searching for 'convenience stores' near New York, NY (40.7127753, -74.0059728)","logger":"data_collection","filename":"data_collection.py","lineno":90}
{"timestamp":"2026-01-28T20:40:21.029502Z","level":"info","event":"Found 20 places for 'convenience stores' in New York, NY","logger":"data_collection","filename":"data_collection.py","lineno":108}
{"timestamp":"2026-01-28T20:40:27.810726Z","level":"info","event":"[13/30] Processing: Chicago, IL - pizza restaurants","logger":"data_collection","filename":"data_collection.py","lineno":174}
{"timestamp":"2026-01-28T20:40:27.933583Z","level":"info","event":"Searching for 'pizza restaurants' near Chicago, IL (41.88325, -87.6323879)","logger":"data_collection","filename":"data_collection.py","lineno":90}
{"timestamp":"2026-01-28T20:40:29.386501Z","level":"info","event":"Found 20 places for 'pizza restaurants' in Chicago, IL","logger":"data_collection","filename":"data_collection.py","lineno":108}
{"timestamp":"2026-01-28T20:40:44.359592Z","level":"info","event":"[14/30] Processing: Chicago, IL - chinese restaurants","logger":"data_collection","filename":"data_collection.py","lineno":174}
{"timestamp":"2026-01-28T20:40:44.482304Z","level":"info","event":"Searching for 'chinese restaurants' near Chicago, IL (41.88325, -87.6323879)","logger":"data_collection","filename":"data_collection.py","lineno":90}
{"timestamp":"2026-01-28T20:40:45.192922Z","level":"info","event":"Found 20 places for 'chinese restaurants' in Chicago, IL","logger":"data_collection","filename":"data_collection.py","lineno":108}
{"timestamp":"2026-01-28T20:40:52.220319Z","level":"info","event":"[15/30] Processing: Chicago, IL - mexican restaurants","logger":"data_collection","filename":"data_collection.py","lineno":174}
{"timestamp":"2026-01-28T20:40:52.345270Z","level":"info","event":"Searching for 'mexican restaurants' near Chicago, IL (41.88325, -87.6323879)","logger":"data_collection","filename":"data_collection.py","lineno":90}
{"timestamp":"2026-01-28T20:40:53.163637Z","level":"info","event":"Found 20 places for 'mexican restaurants' in Chicago, IL","logger":"data_collection","filename":"data_collection.py","lineno":108}
{"timestamp":"2026-01-28T20:41:00.087916Z","level":"info","event":"[16/30] Processing: Chicago, IL - grocery stores","logger":"data_collection","filename":"data_collection.py","lineno":174}
{"timestamp":"2026-01-28T20:41:00.270586Z","level":"info","event":"Searching for 'grocery stores' near Chicago, IL (41.88325, -87.6323879)","logger":"data_collection","filename":"data_collection.py","lineno":90}
{"timestamp":"2026-01-28T20:41:01.683813Z","level":"info","event":"Found 20 places for 'grocery stores' in Chicago, IL","logger":"data_collection","filename":"data_collection.py","lineno":108}
{"timestamp":"2026-01-28T20:41:08.692007Z","level":"info","event":"[17/30] Processing: Chicago, IL - supermarkets","logger":"data_collection","filename":"data_collection.py","lineno":174}
{"timestamp":"2026-01-28T20:41:08.795096Z","level":"info","event":"Searching for 'supermarkets' near Chicago, IL (41.88325, -87.6323879)","logger":"data_collection","filename":"data_collection.py","lineno":90}
{"timestamp":"2026-01-28T20:41:09.572278Z","level":"info","event":"Found 20 places for 'supermarkets' in Chicago, IL","logger":"data_collection","filename":"data_collection.py","lineno":108}
{"timestamp":"2026-01-28T20:41:14.008647Z","level":"info","event":"[18/30] Processing: Chicago, IL - convenience stores","logger":"data_collection","filename":"data_collection.py","lineno":174}
{"timestamp":"2026-01-28T20:41:14.239508Z","level":"info","event":"Searching for 'convenience stores' near Chicago, IL (41.88325, -87.6323879)","logger":"data_collection","filename":"data_collection.py","lineno":90}
{"timestamp":"2026-01-28T20:41:14.897966Z","level":"info","event":"Found 20 places for 'convenience stores' in Chicago, IL","logger":"data_collection","filename":"data_collection.py","lineno":108}
{"timestamp":"2026-01-28T20:41:21.588481Z","level":"info","event":"[19/30] Processing: Los Angeles, CA - pizza restaurants","logger":"data_collection","filename":"data_collection.py","lineno":174}
{"timestamp":"2026-01-28T20:41:21.721555Z","level":"info","event":"Searching for 'pizza restaurants' near Los Angeles, CA (34.0549076, -118.242643)","logger":"data_collection","filename":"data_collection.py","lineno":90}
{"timestamp":"2026-01-28T20:41:22.640512Z","level":"info","event":"Found 20 places for 'pizza restaurants' in Los Angeles, CA","logger":"data_collection","filename":"data_collection.py","lineno":108}
{"timestamp":"2026-01-28T20:41:28.920119Z","level":"info","event":"[20/30] Processing: Los Angeles, CA - chinese restaurants","logger":"data_collection","filename":"data_collection.py","lineno":174}
{"timestamp":"2026-01-28T20:41:29.098833Z","level":"info","event":"Searching for 'chinese restaurants' near Los Angeles, CA (34.0549076, -118.242643)","logger":"data_collection","filename":"data_collection.py","lineno":90}
{"timestamp":"2026-01-28T20:41:29.842992Z","level":"info","event":"Found 20 places for 'chinese restaurants' in Los Angeles, CA","logger":"data_collection","filename":"data_collection.py","lineno":108}
{"timestamp":"2026-01-28T20:41:37.949400Z","level":"info","event":"[21/30] Processing: Los Angeles, CA - mexican restaurants","logger":"data_collection","filename":"data_collection.py","lineno":174}
{"timestamp":"2026-01-28T20:41:38.576293Z","level":"info","event":"Searching for 'mexican restaurants' near Los Angeles, CA (34.0549076, -118.242643)","logger":"data_collection","filename":"data_collection.py","lineno":90}
{"timestamp":"2026-01-28T20:41:40.448672Z","level":"info","event":"Found 20 places for 'mexican restaurants' in Los Angeles, CA","logger":"data_collection","filename":"data_collection.py","lineno":108}
{"timestamp":"2026-01-28T20:41:52.249356Z","level":"info","event":"[22/30] Processing: Los Angeles, CA - grocery stores","logger":"data_collection","filename":"data_collection.py","lineno":174}
{"timestamp":"2026-01-28T20:41:52.363164Z","level":"info","event":"Searching for 'grocery stores' near Los Angeles, CA (34.0549076, -118.242643)","logger":"data_collection","filename":"data_collection.py","lineno":90}
{"timestamp":"2026-01-28T20:41:53.402437Z","level":"info","event":"Found 20 places for 'grocery stores' in Los Angeles, CA","logger":"data_collection","filename":"data_collection.py","lineno":108}
{"timestamp":"2026-01-28T20:42:00.110714Z","level":"info","event":"[23/30] Processing: Los Angeles, CA - supermarkets","logger":"data_collection","filename":"data_collection.py","lineno":174}
{"timestamp":"2026-01-28T20:42:00.435000Z","level":"info","event":"Searching for 'supermarkets' near Los Angeles, CA (34.0549076, -118.242643)","logger":"data_collection","filename":"data_collection.py","lineno":90}
{"timestamp":"2026-01-28T20:42:01.231351Z","level":"info","event":"Found 20 places for 'supermarkets' in Los Angeles, CA","logger":"data_collection","filename":"data_collection.py","lineno":108}
{"timestamp":"2026-01-28T20:42:07.470287Z","level":"info","event":"[24/30] Processing: Los Angeles, CA - convenience stores","logger":"data_collection","filename":"data_collection.py","lineno":174}
{"timestamp":"2026-01-28T20:42:07.567130Z","level":"info","event":"Searching for 'convenience stores' near Los Angeles, CA (34.0549076, -118.242643)","logger":"data_collection","filename":"data_collection.py","lineno":90}
{"timestamp":"2026-01-28T20:42:08.397908Z","level":"info","event":"Found 20 places for 'convenience stores' in Los Angeles, CA","logger":"data_collection","filename":"data_collection.py","lineno":108}
{"timestamp":"2026-01-28T20:42:15.881739Z","level":"info","event":"[25/30] Processing: Seattle, WA - pizza restaurants","logger":"data_collection","filename":"data_collection.py","lineno":174}
{"timestamp":"2026-01-28T20:42:16.107700Z","level":"info","event":"Searching for 'pizza restaurants' near Seattle, WA (47.6061389, -122.3328481)","logger":"data_collection","filename":"data_collection.py","lineno":90}
{"timestamp":"2026-01-28T20:42:16.853994Z","level":"info","event":"Found 20 places for 'pizza restaurants' in Seattle, WA","logger":"data_collection","filename":"data_collection.py","lineno":108}
{"timestamp":"2026-01-28T20:42:23.710082Z","level":"info","event":"[26/30] Processing: Seattle, WA - chinese restaurants","logger":"data_collection","filename":"data_collection.py","lineno":174}
{"timestamp":"2026-01-28T20:42:24.037196Z","level":"info","event":"Searching for 'chinese restaurants' near Seattle, WA (47.6061389, -122.3328481)","logger":"data_collection","filename":"data_collection.py","lineno":90}
{"timestamp":"2026-01-28T20:42:24.726680Z","level":"info","event":"Found 20 places for 'chinese restaurants' in Seattle, WA","logger":"data_collection","filename":"data_collection.py","lineno":108}
{"timestamp":"2026-01-28T20:42:31.865830Z","level":"info","event":"[27/30] Processing: Seattle, WA - mexican restaurants","logger":"data_collection","filename":"data_collection.py","lineno":174}
{"timestamp":"2026-01-28T20:42:32.043953Z","level":"info","event":"Searching for 'mexican restaurants' near Seattle, WA (47.6061389, -122.3328481)","logger":"data_collection","filename":"data_collection.py","lineno":90}
{"timestamp":"2026-01-28T20:42:32.971961Z","level":"info","event":"Found 20 places for 'mexican restaurants' in Seattle, WA","logger":"data_collection","filename":"data_collection.py","lineno":108}
{"timestamp":"2026-01-28T20:42:39.879832Z","level":"info","event":"[28/30] Processing: Seattle, WA - grocery stores","logger":"data_collection","filename":"data_collection.py","lineno":174}
{"timestamp":"2026-01-28T20:42:40.004258Z","level":"info","event":"Searching for 'grocery stores' near Seattle, WA (47.6061389, -122.3328481)","logger":"data_collection","filename":"data_collection.py","lineno":90}
{"timestamp":"2026-01-28T20:42:41.419947Z","level":"info","event":"Found 20 places for 'grocery stores' in Seattle, WA","logger":"data_collection","filename":"data_collection.py","lineno":108}
{"timestamp":"2026-01-28T20:42:47.845555Z","level":"info","event":"[29/30] Processing: Seattle, WA - supermarkets","logger":"data_collection","filename":"data_collection.py","lineno":174}
{"timestamp":"2026-01-28T20:42:47.942132Z","level":"info","event":"Searching for 'supermarkets' near Seattle, WA (47.6061389, -122.3328481)","logger":"data_collection","filename":"data_collection.py","lineno":90}
{"timestamp":"2026-01-28T20:42:48.700720Z","level":"info","event":"Found 20 places for 'supermarkets' in Seattle, WA","logger":"data_collection","filename":"data_collection.py","lineno":108}
{"timestamp":"2026-01-28T20:42:53.331660Z","level":"info","event":"[30/30] Processing: Seattle, WA - convenience stores","logger":"data_collection","filename":"data_collection.py","lineno":174}
{"timestamp":"2026-01-28T20:42:53.437746Z","level":"info","event":"Searching for 'convenience stores' near Seattle, WA (47.6061389, -122.3328481)","logger":"data_collection","filename":"data_collection.py","lineno":90}
{"timestamp":"2026-01-28T20:42:54.582144Z","level":"info","event":"Found 20 places for 'convenience stores' in Seattle, WA","logger":"data_collection","filename":"data_collection.py","lineno":108}
{"timestamp":"2026-01-28T20:43:01.716659Z","level":"info","event":"Data collection complete: 574 unique businesses collected","logger":"data_collection","filename":"data_collection.py","lineno":221}
{"timestamp":"2026-01-28T20:43:01.766131Z","level":"info","event":"Raw data saved to data/raw/businesses_20260128_154301.csv","logger":"data_collection","filename":"data_collection.py","lineno":268}
{"timestamp":"2026-01-28T20:43:01.766283Z","level":"info","event":"Data collection completed: 574 businesses","logger":"unusual_prefix_33ff983d312f0aded6bc88c2f04ea97767e27876_leads_generation","filename":"leads_generation.py","lineno":54}
{"timestamp":"2026-01-28T20:43:01.786789Z","level":"info","event":"Done. Returned value was: 574","logger":"airflow.task.operators.airflow.providers.standard.operators.python.PythonOperator","filename":"python.py","lineno":216}
{"timestamp":"2026-01-28T20:43:01.787336Z","level":"info","event":"Pushing xcom","ti":"RuntimeTaskInstance(id=UUID('019c0654-763f-76c1-b343-dc6d2c63049a'), task_id='collect_data', dag_id='weekly_leads_generation', run_id='manual__2026-01-28T20:38:37+00:00', try_number=1, dag_version_id=UUID('019c0624-b4b2-757d-bdd9-5f2febd436ce'), map_index=-1, hostname='gouthams-macbook-pro.local', context_carrier={}, task=<Task(PythonOperator): collect_data>, bundle_instance=LocalDagBundle(name=dags-folder), max_tries=2, start_date=datetime.datetime(2026, 1, 28, 20, 38, 47, 645802, tzinfo=datetime.timezone.utc), end_date=None, state=<TaskInstanceState.RUNNING: 'running'>, is_mapped=False, rendered_map_index=None)","logger":"task","filename":"task_runner.py","lineno":1450}
{"timestamp":"2026-01-28T20:43:01.805579Z","level":"info","event":"Task instance in success state","logger":"task.stdout"}
{"timestamp":"2026-01-28T20:43:01.805664Z","level":"info","event":" Previous state of the Task instance: TaskInstanceState.RUNNING","logger":"task.stdout"}
{"timestamp":"2026-01-28T20:43:01.806766Z","level":"info","event":"Task operator:<Task(PythonOperator): collect_data>","logger":"task.stdout"}
