{"timestamp":"2026-01-28T22:43:22.699678Z","level":"info","event":"DAG bundles loaded: dags-folder, example_dags","logger":"airflow.dag_processing.bundles.manager.DagBundlesManager","filename":"manager.py","lineno":179}
{"timestamp":"2026-01-28T22:43:22.699865Z","level":"info","event":"Filling up the DagBag from /Users/patchi.g/doordash-automation-project/airflow/dags/leads_generation.py","logger":"airflow.models.dagbag.DagBag","filename":"dagbag.py","lineno":593}
{"timestamp":"2026-01-28T22:43:22.745866Z","level":"info","event":"Task instance is in running state","logger":"task.stdout"}
{"timestamp":"2026-01-28T22:43:22.745945Z","level":"info","event":" Previous state of the Task instance: TaskInstanceState.QUEUED","logger":"task.stdout"}
{"timestamp":"2026-01-28T22:43:22.746240Z","level":"info","event":"Current task name:collect_data","logger":"task.stdout"}
{"timestamp":"2026-01-28T22:43:22.746264Z","level":"info","event":"Dag name:weekly_leads_generation","logger":"task.stdout"}
{"timestamp":"2026-01-28T22:43:22.791383Z","level":"info","event":"Starting data collection task","logger":"unusual_prefix_33ff983d312f0aded6bc88c2f04ea97767e27876_leads_generation","filename":"leads_generation.py","lineno":47}
{"timestamp":"2026-01-28T22:43:22.791454Z","level":"info","event":"Starting data collection: 5 cities × 6 queries = 30 searches","logger":"data_collection","filename":"data_collection.py","lineno":169}
{"timestamp":"2026-01-28T22:43:22.791484Z","level":"info","event":"[1/30] Processing: San Francisco, CA - pizza restaurants","logger":"data_collection","filename":"data_collection.py","lineno":174}
{"timestamp":"2026-01-28T22:43:22.967866Z","level":"info","event":"Searching for 'pizza restaurants' near San Francisco, CA (37.7749295, -122.4194155)","logger":"data_collection","filename":"data_collection.py","lineno":90}
{"timestamp":"2026-01-28T22:43:23.813733Z","level":"info","event":"Found 20 places for 'pizza restaurants' in San Francisco, CA","logger":"data_collection","filename":"data_collection.py","lineno":108}
{"timestamp":"2026-01-28T22:43:31.920257Z","level":"info","event":"[2/30] Processing: San Francisco, CA - chinese restaurants","logger":"data_collection","filename":"data_collection.py","lineno":174}
{"timestamp":"2026-01-28T22:43:32.173526Z","level":"info","event":"Searching for 'chinese restaurants' near San Francisco, CA (37.7749295, -122.4194155)","logger":"data_collection","filename":"data_collection.py","lineno":90}
{"timestamp":"2026-01-28T22:43:32.833372Z","level":"info","event":"Found 20 places for 'chinese restaurants' in San Francisco, CA","logger":"data_collection","filename":"data_collection.py","lineno":108}
{"timestamp":"2026-01-28T22:43:40.883273Z","level":"info","event":"[3/30] Processing: San Francisco, CA - mexican restaurants","logger":"data_collection","filename":"data_collection.py","lineno":174}
{"timestamp":"2026-01-28T22:43:41.082779Z","level":"info","event":"Searching for 'mexican restaurants' near San Francisco, CA (37.7749295, -122.4194155)","logger":"data_collection","filename":"data_collection.py","lineno":90}
{"timestamp":"2026-01-28T22:43:41.803487Z","level":"info","event":"Found 20 places for 'mexican restaurants' in San Francisco, CA","logger":"data_collection","filename":"data_collection.py","lineno":108}
{"timestamp":"2026-01-28T22:43:49.476314Z","level":"info","event":"[4/30] Processing: San Francisco, CA - grocery stores","logger":"data_collection","filename":"data_collection.py","lineno":174}
{"timestamp":"2026-01-28T22:43:49.640090Z","level":"info","event":"Searching for 'grocery stores' near San Francisco, CA (37.7749295, -122.4194155)","logger":"data_collection","filename":"data_collection.py","lineno":90}
{"timestamp":"2026-01-28T22:43:50.350307Z","level":"info","event":"Found 20 places for 'grocery stores' in San Francisco, CA","logger":"data_collection","filename":"data_collection.py","lineno":108}
{"timestamp":"2026-01-28T22:43:57.869808Z","level":"info","event":"[5/30] Processing: San Francisco, CA - supermarkets","logger":"data_collection","filename":"data_collection.py","lineno":174}
{"timestamp":"2026-01-28T22:43:58.012807Z","level":"info","event":"Searching for 'supermarkets' near San Francisco, CA (37.7749295, -122.4194155)","logger":"data_collection","filename":"data_collection.py","lineno":90}
{"timestamp":"2026-01-28T22:43:58.976481Z","level":"info","event":"Found 20 places for 'supermarkets' in San Francisco, CA","logger":"data_collection","filename":"data_collection.py","lineno":108}
{"timestamp":"2026-01-28T22:44:06.031103Z","level":"info","event":"[6/30] Processing: San Francisco, CA - convenience stores","logger":"data_collection","filename":"data_collection.py","lineno":174}
{"timestamp":"2026-01-28T22:44:06.139521Z","level":"info","event":"Searching for 'convenience stores' near San Francisco, CA (37.7749295, -122.4194155)","logger":"data_collection","filename":"data_collection.py","lineno":90}
{"timestamp":"2026-01-28T22:44:06.935155Z","level":"info","event":"Found 20 places for 'convenience stores' in San Francisco, CA","logger":"data_collection","filename":"data_collection.py","lineno":108}
{"timestamp":"2026-01-28T22:44:13.797703Z","level":"info","event":"[7/30] Processing: New York, NY - pizza restaurants","logger":"data_collection","filename":"data_collection.py","lineno":174}
{"timestamp":"2026-01-28T22:44:14.241077Z","level":"info","event":"Searching for 'pizza restaurants' near New York, NY (40.7127753, -74.0059728)","logger":"data_collection","filename":"data_collection.py","lineno":90}
{"timestamp":"2026-01-28T22:44:14.847851Z","level":"info","event":"Found 20 places for 'pizza restaurants' in New York, NY","logger":"data_collection","filename":"data_collection.py","lineno":108}
{"timestamp":"2026-01-28T22:44:21.984215Z","level":"info","event":"[8/30] Processing: New York, NY - chinese restaurants","logger":"data_collection","filename":"data_collection.py","lineno":174}
{"timestamp":"2026-01-28T22:44:22.134931Z","level":"info","event":"Searching for 'chinese restaurants' near New York, NY (40.7127753, -74.0059728)","logger":"data_collection","filename":"data_collection.py","lineno":90}
{"timestamp":"2026-01-28T22:44:22.905397Z","level":"info","event":"Found 20 places for 'chinese restaurants' in New York, NY","logger":"data_collection","filename":"data_collection.py","lineno":108}
{"timestamp":"2026-01-28T22:44:29.672802Z","level":"info","event":"[9/30] Processing: New York, NY - mexican restaurants","logger":"data_collection","filename":"data_collection.py","lineno":174}
{"timestamp":"2026-01-28T22:44:29.904634Z","level":"info","event":"Searching for 'mexican restaurants' near New York, NY (40.7127753, -74.0059728)","logger":"data_collection","filename":"data_collection.py","lineno":90}
{"timestamp":"2026-01-28T22:44:30.575330Z","level":"info","event":"Found 20 places for 'mexican restaurants' in New York, NY","logger":"data_collection","filename":"data_collection.py","lineno":108}
{"timestamp":"2026-01-28T22:44:37.188653Z","level":"info","event":"[10/30] Processing: New York, NY - grocery stores","logger":"data_collection","filename":"data_collection.py","lineno":174}
{"timestamp":"2026-01-28T22:44:37.276013Z","level":"info","event":"Searching for 'grocery stores' near New York, NY (40.7127753, -74.0059728)","logger":"data_collection","filename":"data_collection.py","lineno":90}
{"timestamp":"2026-01-28T22:44:37.919865Z","level":"info","event":"Found 20 places for 'grocery stores' in New York, NY","logger":"data_collection","filename":"data_collection.py","lineno":108}
{"timestamp":"2026-01-28T22:44:55.633110Z","level":"info","event":"[11/30] Processing: New York, NY - supermarkets","logger":"data_collection","filename":"data_collection.py","lineno":174}
{"timestamp":"2026-01-28T22:44:56.152121Z","level":"info","event":"Searching for 'supermarkets' near New York, NY (40.7127753, -74.0059728)","logger":"data_collection","filename":"data_collection.py","lineno":90}
{"timestamp":"2026-01-28T22:44:56.901858Z","level":"info","event":"Found 20 places for 'supermarkets' in New York, NY","logger":"data_collection","filename":"data_collection.py","lineno":108}
{"timestamp":"2026-01-28T22:45:15.251012Z","level":"info","event":"[12/30] Processing: New York, NY - convenience stores","logger":"data_collection","filename":"data_collection.py","lineno":174}
{"timestamp":"2026-01-28T22:45:15.463041Z","level":"info","event":"Searching for 'convenience stores' near New York, NY (40.7127753, -74.0059728)","logger":"data_collection","filename":"data_collection.py","lineno":90}
{"timestamp":"2026-01-28T22:45:17.574521Z","level":"info","event":"Found 20 places for 'convenience stores' in New York, NY","logger":"data_collection","filename":"data_collection.py","lineno":108}
{"timestamp":"2026-01-28T22:45:42.727067Z","level":"info","event":"[13/30] Processing: Chicago, IL - pizza restaurants","logger":"data_collection","filename":"data_collection.py","lineno":174}
{"timestamp":"2026-01-28T22:45:44.109023Z","level":"info","event":"Searching for 'pizza restaurants' near Chicago, IL (41.88325, -87.6323879)","logger":"data_collection","filename":"data_collection.py","lineno":90}
{"timestamp":"2026-01-28T22:45:44.842190Z","level":"info","event":"Found 20 places for 'pizza restaurants' in Chicago, IL","logger":"data_collection","filename":"data_collection.py","lineno":108}
{"timestamp":"2026-01-28T22:46:05.909951Z","level":"info","event":"[14/30] Processing: Chicago, IL - chinese restaurants","logger":"data_collection","filename":"data_collection.py","lineno":174}
{"timestamp":"2026-01-28T22:46:08.575040Z","level":"info","event":"Searching for 'chinese restaurants' near Chicago, IL (41.88325, -87.6323879)","logger":"data_collection","filename":"data_collection.py","lineno":90}
{"timestamp":"2026-01-28T22:46:09.797982Z","level":"info","event":"Found 20 places for 'chinese restaurants' in Chicago, IL","logger":"data_collection","filename":"data_collection.py","lineno":108}
{"timestamp":"2026-01-28T22:46:32.013171Z","level":"info","event":"[15/30] Processing: Chicago, IL - mexican restaurants","logger":"data_collection","filename":"data_collection.py","lineno":174}
{"timestamp":"2026-01-28T22:46:32.728968Z","level":"info","event":"Searching for 'mexican restaurants' near Chicago, IL (41.88325, -87.6323879)","logger":"data_collection","filename":"data_collection.py","lineno":90}
{"timestamp":"2026-01-28T22:46:34.820526Z","level":"info","event":"Found 20 places for 'mexican restaurants' in Chicago, IL","logger":"data_collection","filename":"data_collection.py","lineno":108}
{"timestamp":"2026-01-28T22:46:58.750928Z","level":"info","event":"[16/30] Processing: Chicago, IL - grocery stores","logger":"data_collection","filename":"data_collection.py","lineno":174}
{"timestamp":"2026-01-28T22:46:59.679207Z","level":"info","event":"Searching for 'grocery stores' near Chicago, IL (41.88325, -87.6323879)","logger":"data_collection","filename":"data_collection.py","lineno":90}
{"timestamp":"2026-01-28T22:47:00.853033Z","level":"info","event":"Found 20 places for 'grocery stores' in Chicago, IL","logger":"data_collection","filename":"data_collection.py","lineno":108}
{"timestamp":"2026-01-28T22:47:11.735606Z","level":"info","event":"[17/30] Processing: Chicago, IL - supermarkets","logger":"data_collection","filename":"data_collection.py","lineno":174}
{"timestamp":"2026-01-28T22:47:12.182957Z","level":"info","event":"Searching for 'supermarkets' near Chicago, IL (41.88325, -87.6323879)","logger":"data_collection","filename":"data_collection.py","lineno":90}
{"timestamp":"2026-01-28T22:47:12.996612Z","level":"info","event":"Found 20 places for 'supermarkets' in Chicago, IL","logger":"data_collection","filename":"data_collection.py","lineno":108}
{"timestamp":"2026-01-28T22:47:17.845682Z","level":"info","event":"[18/30] Processing: Chicago, IL - convenience stores","logger":"data_collection","filename":"data_collection.py","lineno":174}
{"timestamp":"2026-01-28T22:47:17.988322Z","level":"info","event":"Searching for 'convenience stores' near Chicago, IL (41.88325, -87.6323879)","logger":"data_collection","filename":"data_collection.py","lineno":90}
{"timestamp":"2026-01-28T22:47:18.831831Z","level":"info","event":"Found 20 places for 'convenience stores' in Chicago, IL","logger":"data_collection","filename":"data_collection.py","lineno":108}
{"timestamp":"2026-01-28T22:47:25.652855Z","level":"info","event":"[19/30] Processing: Los Angeles, CA - pizza restaurants","logger":"data_collection","filename":"data_collection.py","lineno":174}
{"timestamp":"2026-01-28T22:47:25.819166Z","level":"info","event":"Searching for 'pizza restaurants' near Los Angeles, CA (34.0549076, -118.242643)","logger":"data_collection","filename":"data_collection.py","lineno":90}
{"timestamp":"2026-01-28T22:47:26.603334Z","level":"info","event":"Found 20 places for 'pizza restaurants' in Los Angeles, CA","logger":"data_collection","filename":"data_collection.py","lineno":108}
{"timestamp":"2026-01-28T22:47:33.218914Z","level":"info","event":"[20/30] Processing: Los Angeles, CA - chinese restaurants","logger":"data_collection","filename":"data_collection.py","lineno":174}
{"timestamp":"2026-01-28T22:47:33.432953Z","level":"info","event":"Searching for 'chinese restaurants' near Los Angeles, CA (34.0549076, -118.242643)","logger":"data_collection","filename":"data_collection.py","lineno":90}
{"timestamp":"2026-01-28T22:47:34.092521Z","level":"info","event":"Found 20 places for 'chinese restaurants' in Los Angeles, CA","logger":"data_collection","filename":"data_collection.py","lineno":108}
{"timestamp":"2026-01-28T22:47:40.991345Z","level":"info","event":"[21/30] Processing: Los Angeles, CA - mexican restaurants","logger":"data_collection","filename":"data_collection.py","lineno":174}
{"timestamp":"2026-01-28T22:47:41.175762Z","level":"info","event":"Searching for 'mexican restaurants' near Los Angeles, CA (34.0549076, -118.242643)","logger":"data_collection","filename":"data_collection.py","lineno":90}
{"timestamp":"2026-01-28T22:47:42.144310Z","level":"info","event":"Found 20 places for 'mexican restaurants' in Los Angeles, CA","logger":"data_collection","filename":"data_collection.py","lineno":108}
{"timestamp":"2026-01-28T22:47:48.797103Z","level":"info","event":"[22/30] Processing: Los Angeles, CA - grocery stores","logger":"data_collection","filename":"data_collection.py","lineno":174}
{"timestamp":"2026-01-28T22:47:48.915324Z","level":"info","event":"Searching for 'grocery stores' near Los Angeles, CA (34.0549076, -118.242643)","logger":"data_collection","filename":"data_collection.py","lineno":90}
{"timestamp":"2026-01-28T22:47:49.655293Z","level":"info","event":"Found 20 places for 'grocery stores' in Los Angeles, CA","logger":"data_collection","filename":"data_collection.py","lineno":108}
{"timestamp":"2026-01-28T22:47:56.819116Z","level":"info","event":"[23/30] Processing: Los Angeles, CA - supermarkets","logger":"data_collection","filename":"data_collection.py","lineno":174}
{"timestamp":"2026-01-28T22:47:56.931472Z","level":"info","event":"Searching for 'supermarkets' near Los Angeles, CA (34.0549076, -118.242643)","logger":"data_collection","filename":"data_collection.py","lineno":90}
{"timestamp":"2026-01-28T22:47:57.644533Z","level":"info","event":"Found 20 places for 'supermarkets' in Los Angeles, CA","logger":"data_collection","filename":"data_collection.py","lineno":108}
{"timestamp":"2026-01-28T22:48:03.131284Z","level":"info","event":"[24/30] Processing: Los Angeles, CA - convenience stores","logger":"data_collection","filename":"data_collection.py","lineno":174}
{"timestamp":"2026-01-28T22:48:03.319271Z","level":"info","event":"Searching for 'convenience stores' near Los Angeles, CA (34.0549076, -118.242643)","logger":"data_collection","filename":"data_collection.py","lineno":90}
{"timestamp":"2026-01-28T22:48:04.096292Z","level":"info","event":"Found 20 places for 'convenience stores' in Los Angeles, CA","logger":"data_collection","filename":"data_collection.py","lineno":108}
{"timestamp":"2026-01-28T22:48:11.621863Z","level":"info","event":"[25/30] Processing: Seattle, WA - pizza restaurants","logger":"data_collection","filename":"data_collection.py","lineno":174}
{"timestamp":"2026-01-28T22:48:11.755053Z","level":"info","event":"Searching for 'pizza restaurants' near Seattle, WA (47.6061389, -122.3328481)","logger":"data_collection","filename":"data_collection.py","lineno":90}
{"timestamp":"2026-01-28T22:48:12.392979Z","level":"info","event":"Found 20 places for 'pizza restaurants' in Seattle, WA","logger":"data_collection","filename":"data_collection.py","lineno":108}
{"timestamp":"2026-01-28T22:48:19.889363Z","level":"info","event":"[26/30] Processing: Seattle, WA - chinese restaurants","logger":"data_collection","filename":"data_collection.py","lineno":174}
{"timestamp":"2026-01-28T22:48:20.001957Z","level":"info","event":"Searching for 'chinese restaurants' near Seattle, WA (47.6061389, -122.3328481)","logger":"data_collection","filename":"data_collection.py","lineno":90}
{"timestamp":"2026-01-28T22:48:20.683129Z","level":"info","event":"Found 20 places for 'chinese restaurants' in Seattle, WA","logger":"data_collection","filename":"data_collection.py","lineno":108}
{"timestamp":"2026-01-28T22:48:27.351725Z","level":"info","event":"[27/30] Processing: Seattle, WA - mexican restaurants","logger":"data_collection","filename":"data_collection.py","lineno":174}
{"timestamp":"2026-01-28T22:48:27.487834Z","level":"info","event":"Searching for 'mexican restaurants' near Seattle, WA (47.6061389, -122.3328481)","logger":"data_collection","filename":"data_collection.py","lineno":90}
{"timestamp":"2026-01-28T22:48:28.215745Z","level":"info","event":"Found 20 places for 'mexican restaurants' in Seattle, WA","logger":"data_collection","filename":"data_collection.py","lineno":108}
{"timestamp":"2026-01-28T22:48:35.215689Z","level":"info","event":"[28/30] Processing: Seattle, WA - grocery stores","logger":"data_collection","filename":"data_collection.py","lineno":174}
{"timestamp":"2026-01-28T22:48:35.319740Z","level":"info","event":"Searching for 'grocery stores' near Seattle, WA (47.6061389, -122.3328481)","logger":"data_collection","filename":"data_collection.py","lineno":90}
{"timestamp":"2026-01-28T22:48:36.058693Z","level":"info","event":"Found 20 places for 'grocery stores' in Seattle, WA","logger":"data_collection","filename":"data_collection.py","lineno":108}
{"timestamp":"2026-01-28T22:48:42.781888Z","level":"info","event":"[29/30] Processing: Seattle, WA - supermarkets","logger":"data_collection","filename":"data_collection.py","lineno":174}
{"timestamp":"2026-01-28T22:48:42.890942Z","level":"info","event":"Searching for 'supermarkets' near Seattle, WA (47.6061389, -122.3328481)","logger":"data_collection","filename":"data_collection.py","lineno":90}
{"timestamp":"2026-01-28T22:48:43.826423Z","level":"info","event":"Found 20 places for 'supermarkets' in Seattle, WA","logger":"data_collection","filename":"data_collection.py","lineno":108}
{"timestamp":"2026-01-28T22:48:48.329208Z","level":"info","event":"[30/30] Processing: Seattle, WA - convenience stores","logger":"data_collection","filename":"data_collection.py","lineno":174}
{"timestamp":"2026-01-28T22:48:48.431371Z","level":"info","event":"Searching for 'convenience stores' near Seattle, WA (47.6061389, -122.3328481)","logger":"data_collection","filename":"data_collection.py","lineno":90}
{"timestamp":"2026-01-28T22:48:49.047967Z","level":"info","event":"Found 20 places for 'convenience stores' in Seattle, WA","logger":"data_collection","filename":"data_collection.py","lineno":108}
{"timestamp":"2026-01-28T22:48:56.188248Z","level":"info","event":"Data collection complete: 576 unique businesses collected","logger":"data_collection","filename":"data_collection.py","lineno":221}
{"timestamp":"2026-01-28T22:48:56.230695Z","level":"info","event":"Raw data saved to data/raw/businesses_20260128_174856.csv","logger":"data_collection","filename":"data_collection.py","lineno":268}
{"timestamp":"2026-01-28T22:48:56.230867Z","level":"info","event":"Data collection completed: 576 businesses","logger":"unusual_prefix_33ff983d312f0aded6bc88c2f04ea97767e27876_leads_generation","filename":"leads_generation.py","lineno":54}
{"timestamp":"2026-01-28T22:48:56.248921Z","level":"info","event":"Done. Returned value was: 576","logger":"airflow.task.operators.airflow.providers.standard.operators.python.PythonOperator","filename":"python.py","lineno":216}
{"timestamp":"2026-01-28T22:48:56.249737Z","level":"info","event":"Pushing xcom","ti":"RuntimeTaskInstance(id=UUID('019c06c6-7f24-7aa4-889c-2868f312d6f9'), task_id='collect_data', dag_id='weekly_leads_generation', run_id='manual__2026-01-28T22:43:14+00:00', try_number=1, dag_version_id=UUID('019c06a7-0e0b-7f6c-afe6-86d04e458d34'), map_index=-1, hostname='gouthams-macbook-pro.local', context_carrier={}, task=<Task(PythonOperator): collect_data>, bundle_instance=LocalDagBundle(name=dags-folder), max_tries=2, start_date=datetime.datetime(2026, 1, 28, 22, 43, 20, 950153, tzinfo=datetime.timezone.utc), end_date=None, state=<TaskInstanceState.RUNNING: 'running'>, is_mapped=False, rendered_map_index=None)","logger":"task","filename":"task_runner.py","lineno":1450}
{"timestamp":"2026-01-28T22:48:56.268905Z","level":"info","event":"Task instance in success state","logger":"task.stdout"}
{"timestamp":"2026-01-28T22:48:56.268990Z","level":"info","event":" Previous state of the Task instance: TaskInstanceState.RUNNING","logger":"task.stdout"}
{"timestamp":"2026-01-28T22:48:56.270116Z","level":"info","event":"Task operator:<Task(PythonOperator): collect_data>","logger":"task.stdout"}
