{"timestamp":"2026-01-28T22:48:57.485754Z","level":"info","event":"DAG bundles loaded: dags-folder, example_dags","logger":"airflow.dag_processing.bundles.manager.DagBundlesManager","filename":"manager.py","lineno":179}
{"timestamp":"2026-01-28T22:48:57.485965Z","level":"info","event":"Filling up the DagBag from /Users/patchi.g/doordash-automation-project/airflow/dags/leads_generation.py","logger":"airflow.models.dagbag.DagBag","filename":"dagbag.py","lineno":593}
{"timestamp":"2026-01-28T22:48:57.519073Z","level":"info","event":"Task instance is in running state","logger":"task.stdout"}
{"timestamp":"2026-01-28T22:48:57.519156Z","level":"info","event":" Previous state of the Task instance: TaskInstanceState.QUEUED","logger":"task.stdout"}
{"timestamp":"2026-01-28T22:48:57.519478Z","level":"info","event":"Current task name:engineer_features","logger":"task.stdout"}
{"timestamp":"2026-01-28T22:48:57.519502Z","level":"info","event":"Dag name:weekly_leads_generation","logger":"task.stdout"}
{"timestamp":"2026-01-28T22:48:57.522311Z","level":"info","event":"Starting feature engineering task","logger":"unusual_prefix_33ff983d312f0aded6bc88c2f04ea97767e27876_leads_generation","filename":"leads_generation.py","lineno":78}
{"timestamp":"2026-01-28T22:48:57.522548Z","level":"info","event":"Loading data from: /Users/patchi.g/doordash-automation-project/data/raw/businesses_20260128_174856.csv","logger":"feature_engineering","filename":"feature_engineering.py","lineno":43}
{"timestamp":"2026-01-28T22:48:57.527572Z","level":"info","event":"Loaded 576 records","logger":"feature_engineering","filename":"feature_engineering.py","lineno":46}
{"timestamp":"2026-01-28T22:48:57.527626Z","level":"info","event":"Cleaning data","logger":"feature_engineering","filename":"feature_engineering.py","lineno":62}
{"timestamp":"2026-01-28T22:48:57.532080Z","level":"info","event":"Data cleaned: 576 records","logger":"feature_engineering","filename":"feature_engineering.py","lineno":82}
{"timestamp":"2026-01-28T22:48:57.532145Z","level":"info","event":"Engineering features","logger":"feature_engineering","filename":"feature_engineering.py","lineno":98}
{"timestamp":"2026-01-28T22:48:57.540440Z","level":"info","event":"Features engineered for 576 records","logger":"feature_engineering","filename":"feature_engineering.py","lineno":144}
{"timestamp":"2026-01-28T22:48:57.540576Z","level":"info","event":"  High demand category: 279 (48.4%)","logger":"feature_engineering","filename":"feature_engineering.py","lineno":145}
{"timestamp":"2026-01-28T22:48:57.540717Z","level":"info","event":"  Urban location: 576 (100.0%)","logger":"feature_engineering","filename":"feature_engineering.py","lineno":146}
{"timestamp":"2026-01-28T22:48:57.540792Z","level":"info","event":"  High rating: 488 (84.7%)","logger":"feature_engineering","filename":"feature_engineering.py","lineno":147}
{"timestamp":"2026-01-28T22:48:57.540872Z","level":"info","event":"Calculating lead scores","logger":"feature_engineering","filename":"feature_engineering.py","lineno":163}
{"timestamp":"2026-01-28T22:48:57.557621Z","level":"info","event":"Scored 576 leads","logger":"feature_engineering","filename":"feature_engineering.py","lineno":252}
{"timestamp":"2026-01-28T22:48:57.557693Z","level":"info","event":"Score Distribution:","logger":"feature_engineering","filename":"feature_engineering.py","lineno":253}
{"timestamp":"2026-01-28T22:48:57.559001Z","level":"info","event":"  Low: 23 (4.0%)","logger":"feature_engineering","filename":"feature_engineering.py","lineno":255}
{"timestamp":"2026-01-28T22:48:57.559046Z","level":"info","event":"  Medium: 105 (18.2%)","logger":"feature_engineering","filename":"feature_engineering.py","lineno":255}
{"timestamp":"2026-01-28T22:48:57.559074Z","level":"info","event":"  High: 298 (51.7%)","logger":"feature_engineering","filename":"feature_engineering.py","lineno":255}
{"timestamp":"2026-01-28T22:48:57.559096Z","level":"info","event":"  Critical: 150 (26.0%)","logger":"feature_engineering","filename":"feature_engineering.py","lineno":255}
{"timestamp":"2026-01-28T22:48:57.559164Z","level":"info","event":"============================================================","logger":"feature_engineering","filename":"feature_engineering.py","lineno":268}
{"timestamp":"2026-01-28T22:48:57.559185Z","level":"info","event":"SCORING MODEL VALIDATION","logger":"feature_engineering","filename":"feature_engineering.py","lineno":269}
{"timestamp":"2026-01-28T22:48:57.559205Z","level":"info","event":"============================================================","logger":"feature_engineering","filename":"feature_engineering.py","lineno":270}
{"timestamp":"2026-01-28T22:48:57.559224Z","level":"info","event":"Score Distribution:","logger":"feature_engineering","filename":"feature_engineering.py","lineno":273}
{"timestamp":"2026-01-28T22:48:57.559289Z","level":"info","event":"  Mean: 79.3","logger":"feature_engineering","filename":"feature_engineering.py","lineno":274}
{"timestamp":"2026-01-28T22:48:57.560087Z","level":"info","event":"  Median: 80.0","logger":"feature_engineering","filename":"feature_engineering.py","lineno":275}
{"timestamp":"2026-01-28T22:48:57.560211Z","level":"info","event":"  Std Dev: 14.6","logger":"feature_engineering","filename":"feature_engineering.py","lineno":276}
{"timestamp":"2026-01-28T22:48:57.560266Z","level":"info","event":"  Min: 45","logger":"feature_engineering","filename":"feature_engineering.py","lineno":277}
{"timestamp":"2026-01-28T22:48:57.560320Z","level":"info","event":"  Max: 100","logger":"feature_engineering","filename":"feature_engineering.py","lineno":278}
{"timestamp":"2026-01-28T22:48:57.560344Z","level":"info","event":"\nTop 10 Leads:","logger":"feature_engineering","filename":"feature_engineering.py","lineno":281}
{"timestamp":"2026-01-28T22:48:57.562328Z","level":"info","event":"  Little Original Joe's                    | San Francisco   | Score: 100 | Critical","logger":"feature_engineering","filename":"feature_engineering.py","lineno":285}
{"timestamp":"2026-01-28T22:48:57.562394Z","level":"info","event":"  Foodmaxx                                 | San Francisco   | Score: 100 | Critical","logger":"feature_engineering","filename":"feature_engineering.py","lineno":285}
{"timestamp":"2026-01-28T22:48:57.562445Z","level":"info","event":"  Berkeley Bowl Marketplace                | San Francisco   | Score: 100 | Critical","logger":"feature_engineering","filename":"feature_engineering.py","lineno":285}
{"timestamp":"2026-01-28T22:48:57.562514Z","level":"info","event":"  Safeway                                  | San Francisco   | Score: 100 | Critical","logger":"feature_engineering","filename":"feature_engineering.py","lineno":285}
{"timestamp":"2026-01-28T22:48:57.562596Z","level":"info","event":"  Foodmaxx                                 | San Francisco   | Score: 100 | Critical","logger":"feature_engineering","filename":"feature_engineering.py","lineno":285}
{"timestamp":"2026-01-28T22:48:57.562678Z","level":"info","event":"  Safeway                                  | San Francisco   | Score: 100 | Critical","logger":"feature_engineering","filename":"feature_engineering.py","lineno":285}
{"timestamp":"2026-01-28T22:48:57.562732Z","level":"info","event":"  Safeway                                  | San Francisco   | Score: 100 | Critical","logger":"feature_engineering","filename":"feature_engineering.py","lineno":285}
{"timestamp":"2026-01-28T22:48:57.562831Z","level":"info","event":"  Safeway                                  | San Francisco   | Score: 100 | Critical","logger":"feature_engineering","filename":"feature_engineering.py","lineno":285}
{"timestamp":"2026-01-28T22:48:57.562918Z","level":"info","event":"  Safeway                                  | San Francisco   | Score: 100 | Critical","logger":"feature_engineering","filename":"feature_engineering.py","lineno":285}
{"timestamp":"2026-01-28T22:48:57.563031Z","level":"info","event":"  Safeway                                  | San Francisco   | Score: 100 | Critical","logger":"feature_engineering","filename":"feature_engineering.py","lineno":285}
{"timestamp":"2026-01-28T22:48:57.564057Z","level":"info","event":"\nCorrelation with Expected Conversion: 0.750","logger":"feature_engineering","filename":"feature_engineering.py","lineno":289}
{"timestamp":"2026-01-28T22:48:57.564087Z","level":"info","event":"  Model shows strong predictive power","logger":"feature_engineering","filename":"feature_engineering.py","lineno":291}
{"timestamp":"2026-01-28T22:48:57.564109Z","level":"info","event":"\nAverage Score by Vertical:","logger":"feature_engineering","filename":"feature_engineering.py","lineno":296}
{"timestamp":"2026-01-28T22:48:57.566922Z","level":"info","event":"  restaurants    : 79.3 (n=576)","logger":"feature_engineering","filename":"feature_engineering.py","lineno":299}
{"timestamp":"2026-01-28T22:48:57.566962Z","level":"info","event":"\nPriority Distribution by Vertical:","logger":"feature_engineering","filename":"feature_engineering.py","lineno":302}
{"timestamp":"2026-01-28T22:48:57.573123Z","level":"info","event":"  restaurants    :","logger":"feature_engineering","filename":"feature_engineering.py","lineno":305}
{"timestamp":"2026-01-28T22:48:57.573492Z","level":"info","event":" Low:   4.0%","logger":"feature_engineering","filename":"feature_engineering.py","lineno":309}
{"timestamp":"2026-01-28T22:48:57.573573Z","level":"info","event":" Medium:  18.2%","logger":"feature_engineering","filename":"feature_engineering.py","lineno":309}
{"timestamp":"2026-01-28T22:48:57.573629Z","level":"info","event":" High:  51.7%","logger":"feature_engineering","filename":"feature_engineering.py","lineno":309}
{"timestamp":"2026-01-28T22:48:57.573677Z","level":"info","event":" Critical:  26.0%","logger":"feature_engineering","filename":"feature_engineering.py","lineno":309}
{"timestamp":"2026-01-28T22:48:57.573702Z","level":"info","event":"","logger":"feature_engineering","filename":"feature_engineering.py","lineno":310}
{"timestamp":"2026-01-28T22:48:57.573726Z","level":"info","event":"============================================================","logger":"feature_engineering","filename":"feature_engineering.py","lineno":312}
{"timestamp":"2026-01-28T22:48:57.580525Z","level":"info","event":"Saved processed data to /Users/patchi.g/doordash-automation-project/data/processed/scored_leads_20260128_174857.csv","logger":"feature_engineering","filename":"feature_engineering.py","lineno":330}
{"timestamp":"2026-01-28T22:48:57.580632Z","level":"info","event":"Feature engineering completed: 576 leads, avg score: 79.3","logger":"unusual_prefix_33ff983d312f0aded6bc88c2f04ea97767e27876_leads_generation","filename":"leads_generation.py","lineno":96}
{"timestamp":"2026-01-28T22:48:57.593380Z","level":"info","event":"Done. Returned value was: /Users/patchi.g/doordash-automation-project/data/processed/scored_leads_20260128_174857.csv","logger":"airflow.task.operators.airflow.providers.standard.operators.python.PythonOperator","filename":"python.py","lineno":216}
{"timestamp":"2026-01-28T22:48:57.593499Z","level":"info","event":"Pushing xcom","ti":"RuntimeTaskInstance(id=UUID('019c06c6-7f25-71ba-aedf-0c3261e9839a'), task_id='engineer_features', dag_id='weekly_leads_generation', run_id='manual__2026-01-28T22:43:14+00:00', try_number=1, dag_version_id=UUID('019c06a7-0e0b-7f6c-afe6-86d04e458d34'), map_index=-1, hostname='gouthams-macbook-pro.local', context_carrier={}, task=<Task(PythonOperator): engineer_features>, bundle_instance=LocalDagBundle(name=dags-folder), max_tries=2, start_date=datetime.datetime(2026, 1, 28, 22, 48, 56, 695527, tzinfo=datetime.timezone.utc), end_date=None, state=<TaskInstanceState.RUNNING: 'running'>, is_mapped=False, rendered_map_index=None)","logger":"task","filename":"task_runner.py","lineno":1450}
{"timestamp":"2026-01-28T22:48:57.601234Z","level":"info","event":"Task instance in success state","logger":"task.stdout"}
{"timestamp":"2026-01-28T22:48:57.601321Z","level":"info","event":" Previous state of the Task instance: TaskInstanceState.RUNNING","logger":"task.stdout"}
{"timestamp":"2026-01-28T22:48:57.601798Z","level":"info","event":"Task operator:<Task(PythonOperator): engineer_features>","logger":"task.stdout"}
