{"timestamp":"2026-01-28T21:19:56.700372Z","level":"info","event":"DAG bundles loaded: dags-folder, example_dags","logger":"airflow.dag_processing.bundles.manager.DagBundlesManager","filename":"manager.py","lineno":179}
{"timestamp":"2026-01-28T21:19:56.700584Z","level":"info","event":"Filling up the DagBag from /Users/patchi.g/doordash-automation-project/airflow/dags/leads_generation.py","logger":"airflow.models.dagbag.DagBag","filename":"dagbag.py","lineno":593}
{"timestamp":"2026-01-28T21:19:56.775139Z","level":"info","event":"Task instance is in running state","logger":"task.stdout"}
{"timestamp":"2026-01-28T21:19:56.775232Z","level":"info","event":" Previous state of the Task instance: TaskInstanceState.QUEUED","logger":"task.stdout"}
{"timestamp":"2026-01-28T21:19:56.775557Z","level":"info","event":"Current task name:collect_data","logger":"task.stdout"}
{"timestamp":"2026-01-28T21:19:56.775583Z","level":"info","event":"Dag name:weekly_leads_generation","logger":"task.stdout"}
{"timestamp":"2026-01-28T21:19:56.824251Z","level":"info","event":"Starting data collection task","logger":"unusual_prefix_33ff983d312f0aded6bc88c2f04ea97767e27876_leads_generation","filename":"leads_generation.py","lineno":47}
{"timestamp":"2026-01-28T21:19:56.824325Z","level":"info","event":"Starting data collection: 5 cities × 6 queries = 30 searches","logger":"data_collection","filename":"data_collection.py","lineno":169}
{"timestamp":"2026-01-28T21:19:56.824356Z","level":"info","event":"[1/30] Processing: San Francisco, CA - pizza restaurants","logger":"data_collection","filename":"data_collection.py","lineno":174}
{"timestamp":"2026-01-28T21:19:57.918465Z","level":"info","event":"Searching for 'pizza restaurants' near San Francisco, CA (37.7749295, -122.4194155)","logger":"data_collection","filename":"data_collection.py","lineno":90}
{"timestamp":"2026-01-28T21:20:02.860120Z","level":"info","event":"Found 20 places for 'pizza restaurants' in San Francisco, CA","logger":"data_collection","filename":"data_collection.py","lineno":108}
{"timestamp":"2026-01-28T21:20:23.094287Z","level":"info","event":"[2/30] Processing: San Francisco, CA - chinese restaurants","logger":"data_collection","filename":"data_collection.py","lineno":174}
{"timestamp":"2026-01-28T21:20:23.252631Z","level":"info","event":"Searching for 'chinese restaurants' near San Francisco, CA (37.7749295, -122.4194155)","logger":"data_collection","filename":"data_collection.py","lineno":90}
{"timestamp":"2026-01-28T21:20:24.296804Z","level":"info","event":"Found 20 places for 'chinese restaurants' in San Francisco, CA","logger":"data_collection","filename":"data_collection.py","lineno":108}
{"timestamp":"2026-01-28T21:20:33.629841Z","level":"info","event":"[3/30] Processing: San Francisco, CA - mexican restaurants","logger":"data_collection","filename":"data_collection.py","lineno":174}
{"timestamp":"2026-01-28T21:20:33.767712Z","level":"info","event":"Searching for 'mexican restaurants' near San Francisco, CA (37.7749295, -122.4194155)","logger":"data_collection","filename":"data_collection.py","lineno":90}
{"timestamp":"2026-01-28T21:20:34.678099Z","level":"info","event":"Found 20 places for 'mexican restaurants' in San Francisco, CA","logger":"data_collection","filename":"data_collection.py","lineno":108}
{"timestamp":"2026-01-28T21:20:42.726348Z","level":"info","event":"[4/30] Processing: San Francisco, CA - grocery stores","logger":"data_collection","filename":"data_collection.py","lineno":174}
{"timestamp":"2026-01-28T21:20:42.918836Z","level":"info","event":"Searching for 'grocery stores' near San Francisco, CA (37.7749295, -122.4194155)","logger":"data_collection","filename":"data_collection.py","lineno":90}
{"timestamp":"2026-01-28T21:20:43.936011Z","level":"info","event":"Found 20 places for 'grocery stores' in San Francisco, CA","logger":"data_collection","filename":"data_collection.py","lineno":108}
{"timestamp":"2026-01-28T21:20:52.471768Z","level":"info","event":"[5/30] Processing: San Francisco, CA - supermarkets","logger":"data_collection","filename":"data_collection.py","lineno":174}
{"timestamp":"2026-01-28T21:20:52.582159Z","level":"info","event":"Searching for 'supermarkets' near San Francisco, CA (37.7749295, -122.4194155)","logger":"data_collection","filename":"data_collection.py","lineno":90}
{"timestamp":"2026-01-28T21:20:54.689765Z","level":"info","event":"Found 20 places for 'supermarkets' in San Francisco, CA","logger":"data_collection","filename":"data_collection.py","lineno":108}
{"timestamp":"2026-01-28T21:21:02.973841Z","level":"info","event":"[6/30] Processing: San Francisco, CA - convenience stores","logger":"data_collection","filename":"data_collection.py","lineno":174}
{"timestamp":"2026-01-28T21:21:03.133550Z","level":"info","event":"Searching for 'convenience stores' near San Francisco, CA (37.7749295, -122.4194155)","logger":"data_collection","filename":"data_collection.py","lineno":90}
{"timestamp":"2026-01-28T21:21:04.006103Z","level":"info","event":"Found 20 places for 'convenience stores' in San Francisco, CA","logger":"data_collection","filename":"data_collection.py","lineno":108}
{"timestamp":"2026-01-28T21:21:22.868839Z","level":"info","event":"[7/30] Processing: New York, NY - pizza restaurants","logger":"data_collection","filename":"data_collection.py","lineno":174}
{"timestamp":"2026-01-28T21:21:23.036647Z","level":"info","event":"Searching for 'pizza restaurants' near New York, NY (40.7127753, -74.0059728)","logger":"data_collection","filename":"data_collection.py","lineno":90}
{"timestamp":"2026-01-28T21:21:23.929707Z","level":"info","event":"Found 20 places for 'pizza restaurants' in New York, NY","logger":"data_collection","filename":"data_collection.py","lineno":108}
{"timestamp":"2026-01-28T21:21:31.869970Z","level":"info","event":"[8/30] Processing: New York, NY - chinese restaurants","logger":"data_collection","filename":"data_collection.py","lineno":174}
{"timestamp":"2026-01-28T21:21:31.993951Z","level":"info","event":"Searching for 'chinese restaurants' near New York, NY (40.7127753, -74.0059728)","logger":"data_collection","filename":"data_collection.py","lineno":90}
{"timestamp":"2026-01-28T21:21:32.868890Z","level":"info","event":"Found 20 places for 'chinese restaurants' in New York, NY","logger":"data_collection","filename":"data_collection.py","lineno":108}
{"timestamp":"2026-01-28T21:21:40.406594Z","level":"info","event":"[9/30] Processing: New York, NY - mexican restaurants","logger":"data_collection","filename":"data_collection.py","lineno":174}
{"timestamp":"2026-01-28T21:21:40.546904Z","level":"info","event":"Searching for 'mexican restaurants' near New York, NY (40.7127753, -74.0059728)","logger":"data_collection","filename":"data_collection.py","lineno":90}
{"timestamp":"2026-01-28T21:21:41.789268Z","level":"info","event":"Found 20 places for 'mexican restaurants' in New York, NY","logger":"data_collection","filename":"data_collection.py","lineno":108}
{"timestamp":"2026-01-28T21:21:49.826474Z","level":"info","event":"[10/30] Processing: New York, NY - grocery stores","logger":"data_collection","filename":"data_collection.py","lineno":174}
{"timestamp":"2026-01-28T21:21:49.949371Z","level":"info","event":"Searching for 'grocery stores' near New York, NY (40.7127753, -74.0059728)","logger":"data_collection","filename":"data_collection.py","lineno":90}
{"timestamp":"2026-01-28T21:21:50.686035Z","level":"info","event":"Found 20 places for 'grocery stores' in New York, NY","logger":"data_collection","filename":"data_collection.py","lineno":108}
{"timestamp":"2026-01-28T21:22:06.198770Z","level":"info","event":"[11/30] Processing: New York, NY - supermarkets","logger":"data_collection","filename":"data_collection.py","lineno":174}
{"timestamp":"2026-01-28T21:22:06.376987Z","level":"info","event":"Searching for 'supermarkets' near New York, NY (40.7127753, -74.0059728)","logger":"data_collection","filename":"data_collection.py","lineno":90}
{"timestamp":"2026-01-28T21:22:07.094226Z","level":"info","event":"Found 20 places for 'supermarkets' in New York, NY","logger":"data_collection","filename":"data_collection.py","lineno":108}
{"timestamp":"2026-01-28T21:22:14.125848Z","level":"info","event":"[12/30] Processing: New York, NY - convenience stores","logger":"data_collection","filename":"data_collection.py","lineno":174}
{"timestamp":"2026-01-28T21:22:14.328346Z","level":"info","event":"Searching for 'convenience stores' near New York, NY (40.7127753, -74.0059728)","logger":"data_collection","filename":"data_collection.py","lineno":90}
{"timestamp":"2026-01-28T21:22:15.180407Z","level":"info","event":"Found 20 places for 'convenience stores' in New York, NY","logger":"data_collection","filename":"data_collection.py","lineno":108}
{"timestamp":"2026-01-28T21:22:23.041075Z","level":"info","event":"[13/30] Processing: Chicago, IL - pizza restaurants","logger":"data_collection","filename":"data_collection.py","lineno":174}
{"timestamp":"2026-01-28T21:22:23.262497Z","level":"info","event":"Searching for 'pizza restaurants' near Chicago, IL (41.88325, -87.6323879)","logger":"data_collection","filename":"data_collection.py","lineno":90}
{"timestamp":"2026-01-28T21:22:24.079738Z","level":"info","event":"Found 20 places for 'pizza restaurants' in Chicago, IL","logger":"data_collection","filename":"data_collection.py","lineno":108}
{"timestamp":"2026-01-28T21:22:32.367341Z","level":"info","event":"[14/30] Processing: Chicago, IL - chinese restaurants","logger":"data_collection","filename":"data_collection.py","lineno":174}
{"timestamp":"2026-01-28T21:22:32.468681Z","level":"info","event":"Searching for 'chinese restaurants' near Chicago, IL (41.88325, -87.6323879)","logger":"data_collection","filename":"data_collection.py","lineno":90}
{"timestamp":"2026-01-28T21:22:33.507128Z","level":"info","event":"Found 20 places for 'chinese restaurants' in Chicago, IL","logger":"data_collection","filename":"data_collection.py","lineno":108}
{"timestamp":"2026-01-28T21:22:41.357937Z","level":"info","event":"[15/30] Processing: Chicago, IL - mexican restaurants","logger":"data_collection","filename":"data_collection.py","lineno":174}
{"timestamp":"2026-01-28T21:22:41.533144Z","level":"info","event":"Searching for 'mexican restaurants' near Chicago, IL (41.88325, -87.6323879)","logger":"data_collection","filename":"data_collection.py","lineno":90}
{"timestamp":"2026-01-28T21:22:42.160105Z","level":"info","event":"Found 20 places for 'mexican restaurants' in Chicago, IL","logger":"data_collection","filename":"data_collection.py","lineno":108}
{"timestamp":"2026-01-28T21:22:49.904040Z","level":"info","event":"[16/30] Processing: Chicago, IL - grocery stores","logger":"data_collection","filename":"data_collection.py","lineno":174}
{"timestamp":"2026-01-28T21:22:50.009635Z","level":"info","event":"Searching for 'grocery stores' near Chicago, IL (41.88325, -87.6323879)","logger":"data_collection","filename":"data_collection.py","lineno":90}
{"timestamp":"2026-01-28T21:22:51.116989Z","level":"info","event":"Found 20 places for 'grocery stores' in Chicago, IL","logger":"data_collection","filename":"data_collection.py","lineno":108}
{"timestamp":"2026-01-28T21:22:58.816425Z","level":"info","event":"[17/30] Processing: Chicago, IL - supermarkets","logger":"data_collection","filename":"data_collection.py","lineno":174}
{"timestamp":"2026-01-28T21:22:58.931615Z","level":"info","event":"Searching for 'supermarkets' near Chicago, IL (41.88325, -87.6323879)","logger":"data_collection","filename":"data_collection.py","lineno":90}
{"timestamp":"2026-01-28T21:22:59.601674Z","level":"info","event":"Found 20 places for 'supermarkets' in Chicago, IL","logger":"data_collection","filename":"data_collection.py","lineno":108}
{"timestamp":"2026-01-28T21:23:04.783246Z","level":"info","event":"[18/30] Processing: Chicago, IL - convenience stores","logger":"data_collection","filename":"data_collection.py","lineno":174}
{"timestamp":"2026-01-28T21:23:05.099218Z","level":"info","event":"Searching for 'convenience stores' near Chicago, IL (41.88325, -87.6323879)","logger":"data_collection","filename":"data_collection.py","lineno":90}
{"timestamp":"2026-01-28T21:23:05.976007Z","level":"info","event":"Found 20 places for 'convenience stores' in Chicago, IL","logger":"data_collection","filename":"data_collection.py","lineno":108}
{"timestamp":"2026-01-28T21:23:15.254462Z","level":"info","event":"[19/30] Processing: Los Angeles, CA - pizza restaurants","logger":"data_collection","filename":"data_collection.py","lineno":174}
{"timestamp":"2026-01-28T21:23:15.582420Z","level":"info","event":"Searching for 'pizza restaurants' near Los Angeles, CA (34.0549076, -118.242643)","logger":"data_collection","filename":"data_collection.py","lineno":90}
{"timestamp":"2026-01-28T21:23:16.482626Z","level":"info","event":"Found 20 places for 'pizza restaurants' in Los Angeles, CA","logger":"data_collection","filename":"data_collection.py","lineno":108}
{"timestamp":"2026-01-28T21:23:25.322678Z","level":"info","event":"[20/30] Processing: Los Angeles, CA - chinese restaurants","logger":"data_collection","filename":"data_collection.py","lineno":174}
{"timestamp":"2026-01-28T21:23:25.545224Z","level":"info","event":"Searching for 'chinese restaurants' near Los Angeles, CA (34.0549076, -118.242643)","logger":"data_collection","filename":"data_collection.py","lineno":90}
{"timestamp":"2026-01-28T21:23:26.752401Z","level":"info","event":"Found 20 places for 'chinese restaurants' in Los Angeles, CA","logger":"data_collection","filename":"data_collection.py","lineno":108}
{"timestamp":"2026-01-28T21:23:35.347065Z","level":"info","event":"[21/30] Processing: Los Angeles, CA - mexican restaurants","logger":"data_collection","filename":"data_collection.py","lineno":174}
{"timestamp":"2026-01-28T21:23:35.503723Z","level":"info","event":"Searching for 'mexican restaurants' near Los Angeles, CA (34.0549076, -118.242643)","logger":"data_collection","filename":"data_collection.py","lineno":90}
{"timestamp":"2026-01-28T21:23:36.564223Z","level":"info","event":"Found 20 places for 'mexican restaurants' in Los Angeles, CA","logger":"data_collection","filename":"data_collection.py","lineno":108}
{"timestamp":"2026-01-28T21:23:44.421673Z","level":"info","event":"[22/30] Processing: Los Angeles, CA - grocery stores","logger":"data_collection","filename":"data_collection.py","lineno":174}
{"timestamp":"2026-01-28T21:23:44.800670Z","level":"info","event":"Searching for 'grocery stores' near Los Angeles, CA (34.0549076, -118.242643)","logger":"data_collection","filename":"data_collection.py","lineno":90}
{"timestamp":"2026-01-28T21:23:45.861293Z","level":"info","event":"Found 20 places for 'grocery stores' in Los Angeles, CA","logger":"data_collection","filename":"data_collection.py","lineno":108}
{"timestamp":"2026-01-28T21:23:54.073219Z","level":"info","event":"[23/30] Processing: Los Angeles, CA - supermarkets","logger":"data_collection","filename":"data_collection.py","lineno":174}
{"timestamp":"2026-01-28T21:23:54.166778Z","level":"info","event":"Searching for 'supermarkets' near Los Angeles, CA (34.0549076, -118.242643)","logger":"data_collection","filename":"data_collection.py","lineno":90}
{"timestamp":"2026-01-28T21:23:55.016395Z","level":"info","event":"Found 20 places for 'supermarkets' in Los Angeles, CA","logger":"data_collection","filename":"data_collection.py","lineno":108}
{"timestamp":"2026-01-28T21:24:01.985498Z","level":"info","event":"[24/30] Processing: Los Angeles, CA - convenience stores","logger":"data_collection","filename":"data_collection.py","lineno":174}
{"timestamp":"2026-01-28T21:24:02.114745Z","level":"info","event":"Searching for 'convenience stores' near Los Angeles, CA (34.0549076, -118.242643)","logger":"data_collection","filename":"data_collection.py","lineno":90}
{"timestamp":"2026-01-28T21:24:02.928130Z","level":"info","event":"Found 20 places for 'convenience stores' in Los Angeles, CA","logger":"data_collection","filename":"data_collection.py","lineno":108}
{"timestamp":"2026-01-28T21:24:10.547952Z","level":"info","event":"[25/30] Processing: Seattle, WA - pizza restaurants","logger":"data_collection","filename":"data_collection.py","lineno":174}
{"timestamp":"2026-01-28T21:24:10.707952Z","level":"info","event":"Searching for 'pizza restaurants' near Seattle, WA (47.6061389, -122.3328481)","logger":"data_collection","filename":"data_collection.py","lineno":90}
{"timestamp":"2026-01-28T21:24:11.476645Z","level":"info","event":"Found 20 places for 'pizza restaurants' in Seattle, WA","logger":"data_collection","filename":"data_collection.py","lineno":108}
{"timestamp":"2026-01-28T21:24:18.816113Z","level":"info","event":"[26/30] Processing: Seattle, WA - chinese restaurants","logger":"data_collection","filename":"data_collection.py","lineno":174}
{"timestamp":"2026-01-28T21:24:18.897871Z","level":"info","event":"Searching for 'chinese restaurants' near Seattle, WA (47.6061389, -122.3328481)","logger":"data_collection","filename":"data_collection.py","lineno":90}
{"timestamp":"2026-01-28T21:24:19.592149Z","level":"info","event":"Found 20 places for 'chinese restaurants' in Seattle, WA","logger":"data_collection","filename":"data_collection.py","lineno":108}
{"timestamp":"2026-01-28T21:24:27.605856Z","level":"info","event":"[27/30] Processing: Seattle, WA - mexican restaurants","logger":"data_collection","filename":"data_collection.py","lineno":174}
{"timestamp":"2026-01-28T21:24:27.703476Z","level":"info","event":"Searching for 'mexican restaurants' near Seattle, WA (47.6061389, -122.3328481)","logger":"data_collection","filename":"data_collection.py","lineno":90}
{"timestamp":"2026-01-28T21:24:28.483126Z","level":"info","event":"Found 20 places for 'mexican restaurants' in Seattle, WA","logger":"data_collection","filename":"data_collection.py","lineno":108}
{"timestamp":"2026-01-28T21:24:36.679541Z","level":"info","event":"[28/30] Processing: Seattle, WA - grocery stores","logger":"data_collection","filename":"data_collection.py","lineno":174}
{"timestamp":"2026-01-28T21:24:37.017673Z","level":"info","event":"Searching for 'grocery stores' near Seattle, WA (47.6061389, -122.3328481)","logger":"data_collection","filename":"data_collection.py","lineno":90}
{"timestamp":"2026-01-28T21:24:38.024124Z","level":"info","event":"Found 20 places for 'grocery stores' in Seattle, WA","logger":"data_collection","filename":"data_collection.py","lineno":108}
{"timestamp":"2026-01-28T21:24:46.530580Z","level":"info","event":"[29/30] Processing: Seattle, WA - supermarkets","logger":"data_collection","filename":"data_collection.py","lineno":174}
{"timestamp":"2026-01-28T21:24:46.624840Z","level":"info","event":"Searching for 'supermarkets' near Seattle, WA (47.6061389, -122.3328481)","logger":"data_collection","filename":"data_collection.py","lineno":90}
{"timestamp":"2026-01-28T21:24:47.750858Z","level":"info","event":"Found 20 places for 'supermarkets' in Seattle, WA","logger":"data_collection","filename":"data_collection.py","lineno":108}
{"timestamp":"2026-01-28T21:24:52.367306Z","level":"info","event":"[30/30] Processing: Seattle, WA - convenience stores","logger":"data_collection","filename":"data_collection.py","lineno":174}
{"timestamp":"2026-01-28T21:24:52.579159Z","level":"info","event":"Searching for 'convenience stores' near Seattle, WA (47.6061389, -122.3328481)","logger":"data_collection","filename":"data_collection.py","lineno":90}
{"timestamp":"2026-01-28T21:24:53.486155Z","level":"info","event":"Found 20 places for 'convenience stores' in Seattle, WA","logger":"data_collection","filename":"data_collection.py","lineno":108}
{"timestamp":"2026-01-28T21:25:01.290329Z","level":"info","event":"Data collection complete: 578 unique businesses collected","logger":"data_collection","filename":"data_collection.py","lineno":221}
{"timestamp":"2026-01-28T21:25:01.376284Z","level":"info","event":"Raw data saved to data/raw/businesses_20260128_162501.csv","logger":"data_collection","filename":"data_collection.py","lineno":268}
{"timestamp":"2026-01-28T21:25:01.376417Z","level":"info","event":"Data collection completed: 578 businesses","logger":"unusual_prefix_33ff983d312f0aded6bc88c2f04ea97767e27876_leads_generation","filename":"leads_generation.py","lineno":54}
{"timestamp":"2026-01-28T21:25:01.404214Z","level":"info","event":"Done. Returned value was: 578","logger":"airflow.task.operators.airflow.providers.standard.operators.python.PythonOperator","filename":"python.py","lineno":216}
{"timestamp":"2026-01-28T21:25:01.405555Z","level":"info","event":"Pushing xcom","ti":"RuntimeTaskInstance(id=UUID('019c067a-2751-7008-83ad-d13e6c8f3df2'), task_id='collect_data', dag_id='weekly_leads_generation', run_id='manual__2026-01-28T20:59:34+00:00', try_number=2, dag_version_id=UUID('019c0624-b4b2-757d-bdd9-5f2febd436ce'), map_index=-1, hostname='gouthams-macbook-pro.local', context_carrier={}, task=<Task(PythonOperator): collect_data>, bundle_instance=LocalDagBundle(name=dags-folder), max_tries=3, start_date=datetime.datetime(2026, 1, 28, 21, 19, 55, 878637, tzinfo=datetime.timezone.utc), end_date=None, state=<TaskInstanceState.RUNNING: 'running'>, is_mapped=False, rendered_map_index=None)","logger":"task","filename":"task_runner.py","lineno":1450}
{"timestamp":"2026-01-28T21:25:01.422400Z","level":"info","event":"Task instance in success state","logger":"task.stdout"}
{"timestamp":"2026-01-28T21:25:01.422460Z","level":"info","event":" Previous state of the Task instance: TaskInstanceState.RUNNING","logger":"task.stdout"}
{"timestamp":"2026-01-28T21:25:01.427475Z","level":"info","event":"Task operator:<Task(PythonOperator): collect_data>","logger":"task.stdout"}
