{"timestamp":"2026-01-28T20:59:37.553162Z","level":"info","event":"DAG bundles loaded: dags-folder, example_dags","logger":"airflow.dag_processing.bundles.manager.DagBundlesManager","filename":"manager.py","lineno":179}
{"timestamp":"2026-01-28T20:59:37.553412Z","level":"info","event":"Filling up the DagBag from /Users/patchi.g/doordash-automation-project/airflow/dags/leads_generation.py","logger":"airflow.models.dagbag.DagBag","filename":"dagbag.py","lineno":593}
{"timestamp":"2026-01-28T20:59:37.605408Z","level":"info","event":"Task instance is in running state","logger":"task.stdout"}
{"timestamp":"2026-01-28T20:59:37.605517Z","level":"info","event":" Previous state of the Task instance: TaskInstanceState.QUEUED","logger":"task.stdout"}
{"timestamp":"2026-01-28T20:59:37.605982Z","level":"info","event":"Current task name:collect_data","logger":"task.stdout"}
{"timestamp":"2026-01-28T20:59:37.606028Z","level":"info","event":"Dag name:weekly_leads_generation","logger":"task.stdout"}
{"timestamp":"2026-01-28T20:59:37.662564Z","level":"info","event":"Starting data collection task","logger":"unusual_prefix_33ff983d312f0aded6bc88c2f04ea97767e27876_leads_generation","filename":"leads_generation.py","lineno":47}
{"timestamp":"2026-01-28T20:59:37.662647Z","level":"info","event":"Starting data collection: 5 cities × 6 queries = 30 searches","logger":"data_collection","filename":"data_collection.py","lineno":169}
{"timestamp":"2026-01-28T20:59:37.662681Z","level":"info","event":"[1/30] Processing: San Francisco, CA - pizza restaurants","logger":"data_collection","filename":"data_collection.py","lineno":174}
{"timestamp":"2026-01-28T20:59:37.874465Z","level":"info","event":"Searching for 'pizza restaurants' near San Francisco, CA (37.7749295, -122.4194155)","logger":"data_collection","filename":"data_collection.py","lineno":90}
{"timestamp":"2026-01-28T20:59:38.758342Z","level":"info","event":"Found 20 places for 'pizza restaurants' in San Francisco, CA","logger":"data_collection","filename":"data_collection.py","lineno":108}
{"timestamp":"2026-01-28T20:59:47.929281Z","level":"info","event":"[2/30] Processing: San Francisco, CA - chinese restaurants","logger":"data_collection","filename":"data_collection.py","lineno":174}
{"timestamp":"2026-01-28T20:59:48.269556Z","level":"info","event":"Searching for 'chinese restaurants' near San Francisco, CA (37.7749295, -122.4194155)","logger":"data_collection","filename":"data_collection.py","lineno":90}
{"timestamp":"2026-01-28T20:59:49.024175Z","level":"info","event":"Found 20 places for 'chinese restaurants' in San Francisco, CA","logger":"data_collection","filename":"data_collection.py","lineno":108}
{"timestamp":"2026-01-28T20:59:56.880547Z","level":"info","event":"[3/30] Processing: San Francisco, CA - mexican restaurants","logger":"data_collection","filename":"data_collection.py","lineno":174}
{"timestamp":"2026-01-28T20:59:56.977770Z","level":"info","event":"Searching for 'mexican restaurants' near San Francisco, CA (37.7749295, -122.4194155)","logger":"data_collection","filename":"data_collection.py","lineno":90}
{"timestamp":"2026-01-28T20:59:57.806833Z","level":"info","event":"Found 20 places for 'mexican restaurants' in San Francisco, CA","logger":"data_collection","filename":"data_collection.py","lineno":108}
{"timestamp":"2026-01-28T21:00:04.871157Z","level":"info","event":"[4/30] Processing: San Francisco, CA - grocery stores","logger":"data_collection","filename":"data_collection.py","lineno":174}
{"timestamp":"2026-01-28T21:00:05.014017Z","level":"info","event":"Searching for 'grocery stores' near San Francisco, CA (37.7749295, -122.4194155)","logger":"data_collection","filename":"data_collection.py","lineno":90}
{"timestamp":"2026-01-28T21:00:05.810769Z","level":"info","event":"Found 20 places for 'grocery stores' in San Francisco, CA","logger":"data_collection","filename":"data_collection.py","lineno":108}
{"timestamp":"2026-01-28T21:00:13.159674Z","level":"info","event":"[5/30] Processing: San Francisco, CA - supermarkets","logger":"data_collection","filename":"data_collection.py","lineno":174}
{"timestamp":"2026-01-28T21:00:13.340825Z","level":"info","event":"Searching for 'supermarkets' near San Francisco, CA (37.7749295, -122.4194155)","logger":"data_collection","filename":"data_collection.py","lineno":90}
{"timestamp":"2026-01-28T21:00:13.925120Z","level":"info","event":"Found 20 places for 'supermarkets' in San Francisco, CA","logger":"data_collection","filename":"data_collection.py","lineno":108}
{"timestamp":"2026-01-28T21:00:21.520145Z","level":"info","event":"[6/30] Processing: San Francisco, CA - convenience stores","logger":"data_collection","filename":"data_collection.py","lineno":174}
{"timestamp":"2026-01-28T21:00:21.623903Z","level":"info","event":"Searching for 'convenience stores' near San Francisco, CA (37.7749295, -122.4194155)","logger":"data_collection","filename":"data_collection.py","lineno":90}
{"timestamp":"2026-01-28T21:00:22.295770Z","level":"info","event":"Found 20 places for 'convenience stores' in San Francisco, CA","logger":"data_collection","filename":"data_collection.py","lineno":108}
{"timestamp":"2026-01-28T21:00:29.975959Z","level":"info","event":"[7/30] Processing: New York, NY - pizza restaurants","logger":"data_collection","filename":"data_collection.py","lineno":174}
{"timestamp":"2026-01-28T21:00:30.072772Z","level":"info","event":"Searching for 'pizza restaurants' near New York, NY (40.7127753, -74.0059728)","logger":"data_collection","filename":"data_collection.py","lineno":90}
{"timestamp":"2026-01-28T21:00:30.893274Z","level":"info","event":"Found 20 places for 'pizza restaurants' in New York, NY","logger":"data_collection","filename":"data_collection.py","lineno":108}
{"timestamp":"2026-01-28T21:00:38.737107Z","level":"info","event":"[8/30] Processing: New York, NY - chinese restaurants","logger":"data_collection","filename":"data_collection.py","lineno":174}
{"timestamp":"2026-01-28T21:00:38.843175Z","level":"info","event":"Searching for 'chinese restaurants' near New York, NY (40.7127753, -74.0059728)","logger":"data_collection","filename":"data_collection.py","lineno":90}
{"timestamp":"2026-01-28T21:00:39.498271Z","level":"info","event":"Found 20 places for 'chinese restaurants' in New York, NY","logger":"data_collection","filename":"data_collection.py","lineno":108}
{"timestamp":"2026-01-28T21:00:48.143510Z","level":"info","event":"[9/30] Processing: New York, NY - mexican restaurants","logger":"data_collection","filename":"data_collection.py","lineno":174}
{"timestamp":"2026-01-28T21:00:48.309523Z","level":"info","event":"Searching for 'mexican restaurants' near New York, NY (40.7127753, -74.0059728)","logger":"data_collection","filename":"data_collection.py","lineno":90}
{"timestamp":"2026-01-28T21:00:48.998094Z","level":"info","event":"Found 20 places for 'mexican restaurants' in New York, NY","logger":"data_collection","filename":"data_collection.py","lineno":108}
{"timestamp":"2026-01-28T21:00:56.855126Z","level":"info","event":"[10/30] Processing: New York, NY - grocery stores","logger":"data_collection","filename":"data_collection.py","lineno":174}
{"timestamp":"2026-01-28T21:00:57.056908Z","level":"info","event":"Searching for 'grocery stores' near New York, NY (40.7127753, -74.0059728)","logger":"data_collection","filename":"data_collection.py","lineno":90}
{"timestamp":"2026-01-28T21:00:58.101199Z","level":"info","event":"Found 20 places for 'grocery stores' in New York, NY","logger":"data_collection","filename":"data_collection.py","lineno":108}
{"timestamp":"2026-01-28T21:01:06.768131Z","level":"info","event":"[11/30] Processing: New York, NY - supermarkets","logger":"data_collection","filename":"data_collection.py","lineno":174}
{"timestamp":"2026-01-28T21:01:06.893432Z","level":"info","event":"Searching for 'supermarkets' near New York, NY (40.7127753, -74.0059728)","logger":"data_collection","filename":"data_collection.py","lineno":90}
{"timestamp":"2026-01-28T21:01:07.873604Z","level":"info","event":"Found 20 places for 'supermarkets' in New York, NY","logger":"data_collection","filename":"data_collection.py","lineno":108}
{"timestamp":"2026-01-28T21:01:14.359729Z","level":"info","event":"[12/30] Processing: New York, NY - convenience stores","logger":"data_collection","filename":"data_collection.py","lineno":174}
{"timestamp":"2026-01-28T21:01:14.459334Z","level":"info","event":"Searching for 'convenience stores' near New York, NY (40.7127753, -74.0059728)","logger":"data_collection","filename":"data_collection.py","lineno":90}
{"timestamp":"2026-01-28T21:01:15.146299Z","level":"info","event":"Found 20 places for 'convenience stores' in New York, NY","logger":"data_collection","filename":"data_collection.py","lineno":108}
{"timestamp":"2026-01-28T21:01:22.850423Z","level":"info","event":"[13/30] Processing: Chicago, IL - pizza restaurants","logger":"data_collection","filename":"data_collection.py","lineno":174}
{"timestamp":"2026-01-28T21:01:22.954246Z","level":"info","event":"Searching for 'pizza restaurants' near Chicago, IL (41.88325, -87.6323879)","logger":"data_collection","filename":"data_collection.py","lineno":90}
{"timestamp":"2026-01-28T21:01:23.618459Z","level":"info","event":"Found 20 places for 'pizza restaurants' in Chicago, IL","logger":"data_collection","filename":"data_collection.py","lineno":108}
{"timestamp":"2026-01-28T21:01:31.859773Z","level":"info","event":"[14/30] Processing: Chicago, IL - chinese restaurants","logger":"data_collection","filename":"data_collection.py","lineno":174}
{"timestamp":"2026-01-28T21:01:31.955052Z","level":"info","event":"Searching for 'chinese restaurants' near Chicago, IL (41.88325, -87.6323879)","logger":"data_collection","filename":"data_collection.py","lineno":90}
{"timestamp":"2026-01-28T21:01:32.592035Z","level":"info","event":"Found 20 places for 'chinese restaurants' in Chicago, IL","logger":"data_collection","filename":"data_collection.py","lineno":108}
{"timestamp":"2026-01-28T21:01:40.586623Z","level":"info","event":"[15/30] Processing: Chicago, IL - mexican restaurants","logger":"data_collection","filename":"data_collection.py","lineno":174}
{"timestamp":"2026-01-28T21:01:40.760139Z","level":"info","event":"Searching for 'mexican restaurants' near Chicago, IL (41.88325, -87.6323879)","logger":"data_collection","filename":"data_collection.py","lineno":90}
{"timestamp":"2026-01-28T21:01:41.500697Z","level":"info","event":"Found 20 places for 'mexican restaurants' in Chicago, IL","logger":"data_collection","filename":"data_collection.py","lineno":108}
{"timestamp":"2026-01-28T21:01:49.357469Z","level":"info","event":"[16/30] Processing: Chicago, IL - grocery stores","logger":"data_collection","filename":"data_collection.py","lineno":174}
{"timestamp":"2026-01-28T21:01:49.510107Z","level":"info","event":"Searching for 'grocery stores' near Chicago, IL (41.88325, -87.6323879)","logger":"data_collection","filename":"data_collection.py","lineno":90}
{"timestamp":"2026-01-28T21:01:50.351179Z","level":"info","event":"Found 20 places for 'grocery stores' in Chicago, IL","logger":"data_collection","filename":"data_collection.py","lineno":108}
{"timestamp":"2026-01-28T21:01:58.727287Z","level":"info","event":"[17/30] Processing: Chicago, IL - supermarkets","logger":"data_collection","filename":"data_collection.py","lineno":174}
{"timestamp":"2026-01-28T21:01:58.915248Z","level":"info","event":"Searching for 'supermarkets' near Chicago, IL (41.88325, -87.6323879)","logger":"data_collection","filename":"data_collection.py","lineno":90}
{"timestamp":"2026-01-28T21:01:59.778622Z","level":"info","event":"Found 20 places for 'supermarkets' in Chicago, IL","logger":"data_collection","filename":"data_collection.py","lineno":108}
{"timestamp":"2026-01-28T21:02:04.944790Z","level":"info","event":"[18/30] Processing: Chicago, IL - convenience stores","logger":"data_collection","filename":"data_collection.py","lineno":174}
{"timestamp":"2026-01-28T21:02:05.109163Z","level":"info","event":"Searching for 'convenience stores' near Chicago, IL (41.88325, -87.6323879)","logger":"data_collection","filename":"data_collection.py","lineno":90}
{"timestamp":"2026-01-28T21:02:05.902090Z","level":"info","event":"Found 20 places for 'convenience stores' in Chicago, IL","logger":"data_collection","filename":"data_collection.py","lineno":108}
{"timestamp":"2026-01-28T21:02:14.128839Z","level":"info","event":"[19/30] Processing: Los Angeles, CA - pizza restaurants","logger":"data_collection","filename":"data_collection.py","lineno":174}
{"timestamp":"2026-01-28T21:02:14.245405Z","level":"info","event":"Searching for 'pizza restaurants' near Los Angeles, CA (34.0549076, -118.242643)","logger":"data_collection","filename":"data_collection.py","lineno":90}
{"timestamp":"2026-01-28T21:02:14.975283Z","level":"info","event":"Found 20 places for 'pizza restaurants' in Los Angeles, CA","logger":"data_collection","filename":"data_collection.py","lineno":108}
{"timestamp":"2026-01-28T21:02:23.397931Z","level":"info","event":"[20/30] Processing: Los Angeles, CA - chinese restaurants","logger":"data_collection","filename":"data_collection.py","lineno":174}
{"timestamp":"2026-01-28T21:02:23.556098Z","level":"info","event":"Searching for 'chinese restaurants' near Los Angeles, CA (34.0549076, -118.242643)","logger":"data_collection","filename":"data_collection.py","lineno":90}
{"timestamp":"2026-01-28T21:02:24.182586Z","level":"info","event":"Found 20 places for 'chinese restaurants' in Los Angeles, CA","logger":"data_collection","filename":"data_collection.py","lineno":108}
{"timestamp":"2026-01-28T21:02:40.651448Z","level":"info","event":"[21/30] Processing: Los Angeles, CA - mexican restaurants","logger":"data_collection","filename":"data_collection.py","lineno":174}
{"timestamp":"2026-01-28T21:02:40.751358Z","level":"info","event":"Searching for 'mexican restaurants' near Los Angeles, CA (34.0549076, -118.242643)","logger":"data_collection","filename":"data_collection.py","lineno":90}
{"timestamp":"2026-01-28T21:02:42.061533Z","level":"info","event":"Found 20 places for 'mexican restaurants' in Los Angeles, CA","logger":"data_collection","filename":"data_collection.py","lineno":108}
{"timestamp":"2026-01-28T21:02:51.136475Z","level":"info","event":"[22/30] Processing: Los Angeles, CA - grocery stores","logger":"data_collection","filename":"data_collection.py","lineno":174}
{"timestamp":"2026-01-28T21:02:51.236671Z","level":"info","event":"Searching for 'grocery stores' near Los Angeles, CA (34.0549076, -118.242643)","logger":"data_collection","filename":"data_collection.py","lineno":90}
{"timestamp":"2026-01-28T21:02:52.643540Z","level":"info","event":"Found 20 places for 'grocery stores' in Los Angeles, CA","logger":"data_collection","filename":"data_collection.py","lineno":108}
{"timestamp":"2026-01-28T21:03:00.062209Z","level":"info","event":"[23/30] Processing: Los Angeles, CA - supermarkets","logger":"data_collection","filename":"data_collection.py","lineno":174}
{"timestamp":"2026-01-28T21:03:00.147976Z","level":"info","event":"Searching for 'supermarkets' near Los Angeles, CA (34.0549076, -118.242643)","logger":"data_collection","filename":"data_collection.py","lineno":90}
{"timestamp":"2026-01-28T21:03:00.931165Z","level":"info","event":"Found 20 places for 'supermarkets' in Los Angeles, CA","logger":"data_collection","filename":"data_collection.py","lineno":108}
{"timestamp":"2026-01-28T21:03:07.093699Z","level":"info","event":"[24/30] Processing: Los Angeles, CA - convenience stores","logger":"data_collection","filename":"data_collection.py","lineno":174}
{"timestamp":"2026-01-28T21:03:07.190568Z","level":"info","event":"Searching for 'convenience stores' near Los Angeles, CA (34.0549076, -118.242643)","logger":"data_collection","filename":"data_collection.py","lineno":90}
{"timestamp":"2026-01-28T21:03:07.976182Z","level":"info","event":"Found 20 places for 'convenience stores' in Los Angeles, CA","logger":"data_collection","filename":"data_collection.py","lineno":108}
{"timestamp":"2026-01-28T21:03:16.742997Z","level":"info","event":"[25/30] Processing: Seattle, WA - pizza restaurants","logger":"data_collection","filename":"data_collection.py","lineno":174}
{"timestamp":"2026-01-28T21:03:16.863826Z","level":"info","event":"Searching for 'pizza restaurants' near Seattle, WA (47.6061389, -122.3328481)","logger":"data_collection","filename":"data_collection.py","lineno":90}
{"timestamp":"2026-01-28T21:03:17.613685Z","level":"info","event":"Found 20 places for 'pizza restaurants' in Seattle, WA","logger":"data_collection","filename":"data_collection.py","lineno":108}
{"timestamp":"2026-01-28T21:03:25.498640Z","level":"info","event":"[26/30] Processing: Seattle, WA - chinese restaurants","logger":"data_collection","filename":"data_collection.py","lineno":174}
{"timestamp":"2026-01-28T21:03:25.602539Z","level":"info","event":"Searching for 'chinese restaurants' near Seattle, WA (47.6061389, -122.3328481)","logger":"data_collection","filename":"data_collection.py","lineno":90}
{"timestamp":"2026-01-28T21:03:26.242056Z","level":"info","event":"Found 20 places for 'chinese restaurants' in Seattle, WA","logger":"data_collection","filename":"data_collection.py","lineno":108}
{"timestamp":"2026-01-28T21:03:35.095977Z","level":"info","event":"[27/30] Processing: Seattle, WA - mexican restaurants","logger":"data_collection","filename":"data_collection.py","lineno":174}
{"timestamp":"2026-01-28T21:03:35.200749Z","level":"info","event":"Searching for 'mexican restaurants' near Seattle, WA (47.6061389, -122.3328481)","logger":"data_collection","filename":"data_collection.py","lineno":90}
{"timestamp":"2026-01-28T21:03:35.983773Z","level":"info","event":"Found 20 places for 'mexican restaurants' in Seattle, WA","logger":"data_collection","filename":"data_collection.py","lineno":108}
{"timestamp":"2026-01-28T21:03:44.083525Z","level":"info","event":"[28/30] Processing: Seattle, WA - grocery stores","logger":"data_collection","filename":"data_collection.py","lineno":174}
{"timestamp":"2026-01-28T21:03:44.297938Z","level":"info","event":"Searching for 'grocery stores' near Seattle, WA (47.6061389, -122.3328481)","logger":"data_collection","filename":"data_collection.py","lineno":90}
{"timestamp":"2026-01-28T21:03:45.151741Z","level":"info","event":"Found 20 places for 'grocery stores' in Seattle, WA","logger":"data_collection","filename":"data_collection.py","lineno":108}
{"timestamp":"2026-01-28T21:03:52.992291Z","level":"info","event":"[29/30] Processing: Seattle, WA - supermarkets","logger":"data_collection","filename":"data_collection.py","lineno":174}
{"timestamp":"2026-01-28T21:03:53.072736Z","level":"info","event":"Searching for 'supermarkets' near Seattle, WA (47.6061389, -122.3328481)","logger":"data_collection","filename":"data_collection.py","lineno":90}
{"timestamp":"2026-01-28T21:03:54.019567Z","level":"info","event":"Found 20 places for 'supermarkets' in Seattle, WA","logger":"data_collection","filename":"data_collection.py","lineno":108}
{"timestamp":"2026-01-28T21:03:59.179172Z","level":"info","event":"[30/30] Processing: Seattle, WA - convenience stores","logger":"data_collection","filename":"data_collection.py","lineno":174}
{"timestamp":"2026-01-28T21:03:59.534590Z","level":"info","event":"Searching for 'convenience stores' near Seattle, WA (47.6061389, -122.3328481)","logger":"data_collection","filename":"data_collection.py","lineno":90}
{"timestamp":"2026-01-28T21:04:00.241152Z","level":"info","event":"Found 20 places for 'convenience stores' in Seattle, WA","logger":"data_collection","filename":"data_collection.py","lineno":108}
{"timestamp":"2026-01-28T21:04:08.110309Z","level":"info","event":"Data collection complete: 576 unique businesses collected","logger":"data_collection","filename":"data_collection.py","lineno":221}
{"timestamp":"2026-01-28T21:04:08.201514Z","level":"info","event":"Raw data saved to data/raw/businesses_20260128_160408.csv","logger":"data_collection","filename":"data_collection.py","lineno":268}
{"timestamp":"2026-01-28T21:04:08.201633Z","level":"info","event":"Data collection completed: 576 businesses","logger":"unusual_prefix_33ff983d312f0aded6bc88c2f04ea97767e27876_leads_generation","filename":"leads_generation.py","lineno":54}
{"timestamp":"2026-01-28T21:04:08.215304Z","level":"info","event":"Done. Returned value was: 576","logger":"airflow.task.operators.airflow.providers.standard.operators.python.PythonOperator","filename":"python.py","lineno":216}
{"timestamp":"2026-01-28T21:04:08.217448Z","level":"info","event":"Pushing xcom","ti":"RuntimeTaskInstance(id=UUID('019c0667-8f54-74d5-8715-79e1b85c985e'), task_id='collect_data', dag_id='weekly_leads_generation', run_id='manual__2026-01-28T20:59:34+00:00', try_number=1, dag_version_id=UUID('019c0624-b4b2-757d-bdd9-5f2febd436ce'), map_index=-1, hostname='gouthams-macbook-pro.local', context_carrier={}, task=<Task(PythonOperator): collect_data>, bundle_instance=LocalDagBundle(name=dags-folder), max_tries=2, start_date=datetime.datetime(2026, 1, 28, 20, 59, 36, 420641, tzinfo=datetime.timezone.utc), end_date=None, state=<TaskInstanceState.RUNNING: 'running'>, is_mapped=False, rendered_map_index=None)","logger":"task","filename":"task_runner.py","lineno":1450}
{"timestamp":"2026-01-28T21:04:08.231449Z","level":"info","event":"Task instance in success state","logger":"task.stdout"}
{"timestamp":"2026-01-28T21:04:08.231533Z","level":"info","event":" Previous state of the Task instance: TaskInstanceState.RUNNING","logger":"task.stdout"}
{"timestamp":"2026-01-28T21:04:08.232581Z","level":"info","event":"Task operator:<Task(PythonOperator): collect_data>","logger":"task.stdout"}
