2026-01-28T22:38:46.329949Z [info     ] setup plugin alembic.autogenerate.schemas [alembic.runtime.plugins] loc=plugins.py:37
2026-01-28T22:38:46.330072Z [info     ] setup plugin alembic.autogenerate.tables [alembic.runtime.plugins] loc=plugins.py:37
2026-01-28T22:38:46.330125Z [info     ] setup plugin alembic.autogenerate.types [alembic.runtime.plugins] loc=plugins.py:37
2026-01-28T22:38:46.330166Z [info     ] setup plugin alembic.autogenerate.constraints [alembic.runtime.plugins] loc=plugins.py:37
2026-01-28T22:38:46.330200Z [info     ] setup plugin alembic.autogenerate.defaults [alembic.runtime.plugins] loc=plugins.py:37
2026-01-28T22:38:46.330234Z [info     ] setup plugin alembic.autogenerate.comments [alembic.runtime.plugins] loc=plugins.py:37
2026-01-28T22:38:47.854955Z [info     ] Loaded executor: :LocalExecutor: [airflow.executors.executor_loader] loc=executor_loader.py:281
2026-01-28T22:38:48.533502Z [info     ] setup plugin alembic.autogenerate.schemas [alembic.runtime.plugins] loc=plugins.py:37
2026-01-28T22:38:48.533607Z [info     ] setup plugin alembic.autogenerate.tables [alembic.runtime.plugins] loc=plugins.py:37
2026-01-28T22:38:48.533656Z [info     ] setup plugin alembic.autogenerate.types [alembic.runtime.plugins] loc=plugins.py:37
2026-01-28T22:38:48.533694Z [info     ] setup plugin alembic.autogenerate.constraints [alembic.runtime.plugins] loc=plugins.py:37
2026-01-28T22:38:48.533726Z [info     ] setup plugin alembic.autogenerate.defaults [alembic.runtime.plugins] loc=plugins.py:37
2026-01-28T22:38:48.533757Z [info     ] setup plugin alembic.autogenerate.comments [alembic.runtime.plugins] loc=plugins.py:37
2026-01-28T22:38:49.490908Z [info     ] Starting log server on http://[::]:8793 [airflow.utils.serve_logs.core] loc=core.py:50
WARNING:  ASGI app factory detected. Using it, but please consider setting the --factory flag explicitly.
INFO:     Started server process [73316]
INFO:     Waiting for application startup.
INFO:     Application startup complete.
ERROR:    [Errno 48] error while attempting to bind on address ('::', 8793, 0, 0): address already in use
INFO:     Waiting for application shutdown.
INFO:     Application shutdown complete.
2026-01-28T22:43:19.409575Z [info     ] setup plugin alembic.autogenerate.schemas [alembic.runtime.plugins] loc=plugins.py:37
2026-01-28T22:43:19.409581Z [info     ] setup plugin alembic.autogenerate.schemas [alembic.runtime.plugins] loc=plugins.py:37
2026-01-28T22:43:19.409693Z [info     ] setup plugin alembic.autogenerate.schemas [alembic.runtime.plugins] loc=plugins.py:37
2026-01-28T22:43:19.409829Z [info     ] setup plugin alembic.autogenerate.tables [alembic.runtime.plugins] loc=plugins.py:37
2026-01-28T22:43:19.409850Z [info     ] setup plugin alembic.autogenerate.tables [alembic.runtime.plugins] loc=plugins.py:37
2026-01-28T22:43:19.409886Z [info     ] setup plugin alembic.autogenerate.types [alembic.runtime.plugins] loc=plugins.py:37
2026-01-28T22:43:19.409918Z [info     ] setup plugin alembic.autogenerate.types [alembic.runtime.plugins] loc=plugins.py:37
2026-01-28T22:43:19.409929Z [info     ] setup plugin alembic.autogenerate.constraints [alembic.runtime.plugins] loc=plugins.py:37
2026-01-28T22:43:19.409967Z [info     ] setup plugin alembic.autogenerate.constraints [alembic.runtime.plugins] loc=plugins.py:37
2026-01-28T22:43:19.409970Z [info     ] setup plugin alembic.autogenerate.defaults [alembic.runtime.plugins] loc=plugins.py:37
2026-01-28T22:43:19.410006Z [info     ] setup plugin alembic.autogenerate.defaults [alembic.runtime.plugins] loc=plugins.py:37
2026-01-28T22:43:19.410011Z [info     ] setup plugin alembic.autogenerate.comments [alembic.runtime.plugins] loc=plugins.py:37
2026-01-28T22:43:19.409939Z [info     ] setup plugin alembic.autogenerate.tables [alembic.runtime.plugins] loc=plugins.py:37
2026-01-28T22:43:19.410042Z [info     ] setup plugin alembic.autogenerate.comments [alembic.runtime.plugins] loc=plugins.py:37
2026-01-28T22:43:19.410113Z [info     ] setup plugin alembic.autogenerate.types [alembic.runtime.plugins] loc=plugins.py:37
2026-01-28T22:43:19.410208Z [info     ] setup plugin alembic.autogenerate.constraints [alembic.runtime.plugins] loc=plugins.py:37
2026-01-28T22:43:19.410268Z [info     ] setup plugin alembic.autogenerate.defaults [alembic.runtime.plugins] loc=plugins.py:37
2026-01-28T22:43:19.410307Z [info     ] setup plugin alembic.autogenerate.comments [alembic.runtime.plugins] loc=plugins.py:37
2026-01-28T22:43:19.413800Z [info     ] setup plugin alembic.autogenerate.schemas [alembic.runtime.plugins] loc=plugins.py:37
2026-01-28T22:43:19.413902Z [info     ] setup plugin alembic.autogenerate.tables [alembic.runtime.plugins] loc=plugins.py:37
2026-01-28T22:43:19.413957Z [info     ] setup plugin alembic.autogenerate.types [alembic.runtime.plugins] loc=plugins.py:37
2026-01-28T22:43:19.413997Z [info     ] setup plugin alembic.autogenerate.constraints [alembic.runtime.plugins] loc=plugins.py:37
2026-01-28T22:43:19.414031Z [info     ] setup plugin alembic.autogenerate.defaults [alembic.runtime.plugins] loc=plugins.py:37
2026-01-28T22:43:19.414064Z [info     ] setup plugin alembic.autogenerate.comments [alembic.runtime.plugins] loc=plugins.py:37
2026-01-28T22:43:19.416132Z [info     ] setup plugin alembic.autogenerate.schemas [alembic.runtime.plugins] loc=plugins.py:37
2026-01-28T22:43:19.416230Z [info     ] setup plugin alembic.autogenerate.tables [alembic.runtime.plugins] loc=plugins.py:37
2026-01-28T22:43:19.416282Z [info     ] setup plugin alembic.autogenerate.types [alembic.runtime.plugins] loc=plugins.py:37
2026-01-28T22:43:19.416323Z [info     ] setup plugin alembic.autogenerate.constraints [alembic.runtime.plugins] loc=plugins.py:37
2026-01-28T22:43:19.416357Z [info     ] setup plugin alembic.autogenerate.defaults [alembic.runtime.plugins] loc=plugins.py:37
2026-01-28T22:43:19.416388Z [info     ] setup plugin alembic.autogenerate.comments [alembic.runtime.plugins] loc=plugins.py:37
2026-01-28T22:43:20.358979Z [info     ] setup plugin alembic.autogenerate.schemas [alembic.runtime.plugins] loc=plugins.py:37
2026-01-28T22:43:20.359091Z [info     ] setup plugin alembic.autogenerate.tables [alembic.runtime.plugins] loc=plugins.py:37
2026-01-28T22:43:20.359146Z [info     ] setup plugin alembic.autogenerate.types [alembic.runtime.plugins] loc=plugins.py:37
2026-01-28T22:43:20.359188Z [info     ] setup plugin alembic.autogenerate.constraints [alembic.runtime.plugins] loc=plugins.py:37
2026-01-28T22:43:20.359224Z [info     ] setup plugin alembic.autogenerate.defaults [alembic.runtime.plugins] loc=plugins.py:37
2026-01-28T22:43:20.359260Z [info     ] setup plugin alembic.autogenerate.comments [alembic.runtime.plugins] loc=plugins.py:37
2026-01-28T22:43:20.916251Z [info     ] Worker starting up pid=74534   [airflow.executors.local_executor.LocalExecutor] loc=local_executor.py:65
2026-01-28T22:43:20.916783Z [info     ] Worker starting up pid=74536   [airflow.executors.local_executor.LocalExecutor] loc=local_executor.py:65
2026-01-28T22:43:20.925471Z [info     ] Worker starting up pid=74537   [airflow.executors.local_executor.LocalExecutor] loc=local_executor.py:65
2026-01-28T22:43:20.932212Z [info     ] Worker starting up pid=74538   [airflow.executors.local_executor.LocalExecutor] loc=local_executor.py:65
2026-01-28T22:43:20.932489Z [info     ] Worker starting up pid=74535   [airflow.executors.local_executor.LocalExecutor] loc=local_executor.py:65
2026-01-28T22:43:21.434172Z [info     ] setup plugin alembic.autogenerate.schemas [alembic.runtime.plugins] loc=plugins.py:37
2026-01-28T22:43:21.434316Z [info     ] setup plugin alembic.autogenerate.tables [alembic.runtime.plugins] loc=plugins.py:37
2026-01-28T22:43:21.434378Z [info     ] setup plugin alembic.autogenerate.types [alembic.runtime.plugins] loc=plugins.py:37
2026-01-28T22:43:21.434423Z [info     ] setup plugin alembic.autogenerate.constraints [alembic.runtime.plugins] loc=plugins.py:37
2026-01-28T22:43:21.434463Z [info     ] setup plugin alembic.autogenerate.defaults [alembic.runtime.plugins] loc=plugins.py:37
2026-01-28T22:43:21.434499Z [info     ] setup plugin alembic.autogenerate.comments [alembic.runtime.plugins] loc=plugins.py:37
2026-01-28T22:43:21.638909Z [info     ] Worker starting up pid=74547   [airflow.executors.local_executor.LocalExecutor] loc=local_executor.py:65
2026-01-28T22:43:22.570380Z [info     ] Worker starting up pid=74553   [airflow.executors.local_executor.LocalExecutor] loc=local_executor.py:65
2026-01-28T22:48:57.807256Z [info     ] setup plugin alembic.autogenerate.schemas [alembic.runtime.plugins] loc=plugins.py:37
2026-01-28T22:48:57.807516Z [info     ] setup plugin alembic.autogenerate.tables [alembic.runtime.plugins] loc=plugins.py:37
2026-01-28T22:48:57.807588Z [info     ] setup plugin alembic.autogenerate.types [alembic.runtime.plugins] loc=plugins.py:37
2026-01-28T22:48:57.807637Z [info     ] setup plugin alembic.autogenerate.constraints [alembic.runtime.plugins] loc=plugins.py:37
2026-01-28T22:48:57.807677Z [info     ] setup plugin alembic.autogenerate.defaults [alembic.runtime.plugins] loc=plugins.py:37
2026-01-28T22:48:57.807716Z [info     ] setup plugin alembic.autogenerate.comments [alembic.runtime.plugins] loc=plugins.py:37
2026-01-28T22:48:58.486138Z [info     ] setup plugin alembic.autogenerate.schemas [alembic.runtime.plugins] loc=plugins.py:37
2026-01-28T22:48:58.486258Z [info     ] setup plugin alembic.autogenerate.tables [alembic.runtime.plugins] loc=plugins.py:37
2026-01-28T22:48:58.486325Z [info     ] setup plugin alembic.autogenerate.types [alembic.runtime.plugins] loc=plugins.py:37
2026-01-28T22:48:58.486365Z [info     ] setup plugin alembic.autogenerate.constraints [alembic.runtime.plugins] loc=plugins.py:37
2026-01-28T22:48:58.486400Z [info     ] setup plugin alembic.autogenerate.defaults [alembic.runtime.plugins] loc=plugins.py:37
2026-01-28T22:48:58.486433Z [info     ] setup plugin alembic.autogenerate.comments [alembic.runtime.plugins] loc=plugins.py:37
2026-01-28T22:48:59.156210Z [info     ] Worker starting up pid=76033   [airflow.executors.local_executor.LocalExecutor] loc=local_executor.py:65
2026-01-28T22:48:59.593968Z [info     ] setup plugin alembic.autogenerate.schemas [alembic.runtime.plugins] loc=plugins.py:37
2026-01-28T22:48:59.594116Z [info     ] setup plugin alembic.autogenerate.tables [alembic.runtime.plugins] loc=plugins.py:37
2026-01-28T22:48:59.594176Z [info     ] setup plugin alembic.autogenerate.types [alembic.runtime.plugins] loc=plugins.py:37
2026-01-28T22:48:59.594234Z [info     ] setup plugin alembic.autogenerate.constraints [alembic.runtime.plugins] loc=plugins.py:37
2026-01-28T22:48:59.594304Z [info     ] setup plugin alembic.autogenerate.defaults [alembic.runtime.plugins] loc=plugins.py:37
2026-01-28T22:48:59.594341Z [info     ] setup plugin alembic.autogenerate.comments [alembic.runtime.plugins] loc=plugins.py:37
2026-01-28T22:48:59.671832Z [info     ] Worker starting up pid=76043   [airflow.executors.local_executor.LocalExecutor] loc=local_executor.py:65
2026-01-28T22:49:00.886469Z [info     ] Worker starting up pid=76052   [airflow.executors.local_executor.LocalExecutor] loc=local_executor.py:65
2026-01-28T22:49:05.958003Z [info     ] setup plugin alembic.autogenerate.schemas [alembic.runtime.plugins] loc=plugins.py:37
2026-01-28T22:49:05.958219Z [info     ] setup plugin alembic.autogenerate.tables [alembic.runtime.plugins] loc=plugins.py:37
2026-01-28T22:49:05.958279Z [info     ] setup plugin alembic.autogenerate.types [alembic.runtime.plugins] loc=plugins.py:37
2026-01-28T22:49:05.958322Z [info     ] setup plugin alembic.autogenerate.constraints [alembic.runtime.plugins] loc=plugins.py:37
2026-01-28T22:49:05.958360Z [info     ] setup plugin alembic.autogenerate.defaults [alembic.runtime.plugins] loc=plugins.py:37
2026-01-28T22:49:05.958395Z [info     ] setup plugin alembic.autogenerate.comments [alembic.runtime.plugins] loc=plugins.py:37
2026-01-28T22:49:07.061609Z [info     ] Worker starting up pid=76096   [airflow.executors.local_executor.LocalExecutor] loc=local_executor.py:65
2026-01-28T23:08:47.916056Z [info     ] checking for stale bundle versions locally [airflow.dag_processing.bundles.base] loc=base.py:223
2026-01-28T23:38:47.975919Z [info     ] checking for stale bundle versions locally [airflow.dag_processing.bundles.base] loc=base.py:223
2026-01-29T00:08:48.011630Z [info     ] checking for stale bundle versions locally [airflow.dag_processing.bundles.base] loc=base.py:223
2026-01-29T00:38:48.057429Z [info     ] checking for stale bundle versions locally [airflow.dag_processing.bundles.base] loc=base.py:223
2026-01-29T01:08:48.087148Z [info     ] checking for stale bundle versions locally [airflow.dag_processing.bundles.base] loc=base.py:223
