  ____________       _____________
 ____    |__( )_________  __/__  /________      __
____  /| |_  /__  ___/_  /_ __  /_  __ \_ | /| / /
___  ___ |  / _  /   _  __/ _  / / /_/ /_ |/ |/ /
 _/_/  |_/_/  /_/    /_/    /_/  \____/____/|__/
2026-01-28T22:38:47.853295Z [info     ] Starting the scheduler         [airflow.jobs.scheduler_job_runner.SchedulerJobRunner] loc=scheduler_job_runner.py:1055
2026-01-28T22:38:47.864039Z [info     ] Adopting or resetting orphaned tasks for active dag runs [airflow.jobs.scheduler_job_runner.SchedulerJobRunner] loc=scheduler_job_runner.py:2321
Dag run  in running state
Dag information Queued at: 2026-01-28 22:43:17.904825+00:00 version: 2
2026-01-28T22:43:18.078821Z [info     ] 1 tasks up for execution:
	<TaskInstance: weekly_leads_generation.collect_data manual__2026-01-28T22:43:14+00:00 [scheduled]> [airflow.jobs.scheduler_job_runner.SchedulerJobRunner] loc=scheduler_job_runner.py:445
2026-01-28T22:43:18.079500Z [info     ] DAG weekly_leads_generation has 0/16 running and queued tasks [airflow.jobs.scheduler_job_runner.SchedulerJobRunner] loc=scheduler_job_runner.py:517
2026-01-28T22:43:18.079806Z [info     ] Setting the following tasks to queued state:
	<TaskInstance: weekly_leads_generation.collect_data manual__2026-01-28T22:43:14+00:00 [scheduled]> [airflow.jobs.scheduler_job_runner.SchedulerJobRunner] loc=scheduler_job_runner.py:656
2026-01-28T22:43:18.081639Z [info     ] Trying to enqueue tasks: [<TaskInstance: weekly_leads_generation.collect_data manual__2026-01-28T22:43:14+00:00 [scheduled]>] for executor: LocalExecutor(parallelism=32) [airflow.jobs.scheduler_job_runner.SchedulerJobRunner] loc=scheduler_job_runner.py:741
2026-01-28T22:43:20.946282Z [info     ] Secrets backends loaded for worker [supervisor] backend_classes=['EnvironmentVariablesBackend', 'MetastoreBackend'] count=2 loc=supervisor.py:1975
2026-01-28T22:43:47.897199Z [info     ] Adopting or resetting orphaned tasks for active dag runs [airflow.jobs.scheduler_job_runner.SchedulerJobRunner] loc=scheduler_job_runner.py:2321
2026-01-28T22:48:47.940714Z [info     ] Adopting or resetting orphaned tasks for active dag runs [airflow.jobs.scheduler_job_runner.SchedulerJobRunner] loc=scheduler_job_runner.py:2321
2026-01-28T22:48:56.279952Z [info     ] Task finished                  [supervisor] duration=335.3365003749932 exit_code=0 final_state=success loc=supervisor.py:1995 task_instance_id=019c06c6-7f24-7aa4-889c-2868f312d6f9
2026-01-28T22:48:56.603434Z [info     ] 1 tasks up for execution:
	<TaskInstance: weekly_leads_generation.engineer_features manual__2026-01-28T22:43:14+00:00 [scheduled]> [airflow.jobs.scheduler_job_runner.SchedulerJobRunner] loc=scheduler_job_runner.py:445
2026-01-28T22:48:56.608480Z [info     ] DAG weekly_leads_generation has 0/16 running and queued tasks [airflow.jobs.scheduler_job_runner.SchedulerJobRunner] loc=scheduler_job_runner.py:517
2026-01-28T22:48:56.608616Z [info     ] Setting the following tasks to queued state:
	<TaskInstance: weekly_leads_generation.engineer_features manual__2026-01-28T22:43:14+00:00 [scheduled]> [airflow.jobs.scheduler_job_runner.SchedulerJobRunner] loc=scheduler_job_runner.py:656
2026-01-28T22:48:56.609371Z [info     ] Trying to enqueue tasks: [<TaskInstance: weekly_leads_generation.engineer_features manual__2026-01-28T22:43:14+00:00 [scheduled]>] for executor: LocalExecutor(parallelism=32) [airflow.jobs.scheduler_job_runner.SchedulerJobRunner] loc=scheduler_job_runner.py:741
2026-01-28T22:48:56.622713Z [info     ] Received executor event with state success for task instance TaskInstanceKey(dag_id='weekly_leads_generation', task_id='collect_data', run_id='manual__2026-01-28T22:43:14+00:00', try_number=1, map_index=-1) [airflow.jobs.scheduler_job_runner.SchedulerJobRunner] loc=scheduler_job_runner.py:819
2026-01-28T22:48:56.638783Z [info     ] TaskInstance Finished: dag_id=weekly_leads_generation, task_id=collect_data, run_id=manual__2026-01-28T22:43:14+00:00, map_index=-1, run_start_date=2026-01-28 22:43:20.950153+00:00, run_end_date=2026-01-28 22:48:56.254591+00:00, run_duration=371.305, state=success, executor=LocalExecutor(parallelism=32), executor_state=success, try_number=1, max_tries=2, pool=default_pool, queue=default, priority_weight=5, operator=PythonOperator, queued_dttm=2026-01-28 22:43:18.080195+00:00, scheduled_dttm=2026-01-28 22:43:18.074433+00:00,queued_by_job_id=11, pid=74556 [airflow.jobs.scheduler_job_runner.SchedulerJobRunner] loc=scheduler_job_runner.py:865
2026-01-28T22:48:56.691296Z [info     ] Secrets backends loaded for worker [supervisor] backend_classes=['EnvironmentVariablesBackend', 'MetastoreBackend'] count=2 loc=supervisor.py:1975
2026-01-28T22:48:57.609494Z [info     ] Task finished                  [supervisor] duration=0.9230135420075385 exit_code=0 final_state=success loc=supervisor.py:1995 task_instance_id=019c06c6-7f25-71ba-aedf-0c3261e9839a
2026-01-28T22:48:57.673415Z [info     ] 1 tasks up for execution:
	<TaskInstance: weekly_leads_generation.export_csv manual__2026-01-28T22:43:14+00:00 [scheduled]> [airflow.jobs.scheduler_job_runner.SchedulerJobRunner] loc=scheduler_job_runner.py:445
2026-01-28T22:48:57.673635Z [info     ] DAG weekly_leads_generation has 0/16 running and queued tasks [airflow.jobs.scheduler_job_runner.SchedulerJobRunner] loc=scheduler_job_runner.py:517
2026-01-28T22:48:57.673690Z [info     ] Setting the following tasks to queued state:
	<TaskInstance: weekly_leads_generation.export_csv manual__2026-01-28T22:43:14+00:00 [scheduled]> [airflow.jobs.scheduler_job_runner.SchedulerJobRunner] loc=scheduler_job_runner.py:656
2026-01-28T22:48:57.674112Z [info     ] Trying to enqueue tasks: [<TaskInstance: weekly_leads_generation.export_csv manual__2026-01-28T22:43:14+00:00 [scheduled]>] for executor: LocalExecutor(parallelism=32) [airflow.jobs.scheduler_job_runner.SchedulerJobRunner] loc=scheduler_job_runner.py:741
2026-01-28T22:48:57.680151Z [info     ] Received executor event with state success for task instance TaskInstanceKey(dag_id='weekly_leads_generation', task_id='engineer_features', run_id='manual__2026-01-28T22:43:14+00:00', try_number=1, map_index=-1) [airflow.jobs.scheduler_job_runner.SchedulerJobRunner] loc=scheduler_job_runner.py:819
2026-01-28T22:48:57.686156Z [info     ] TaskInstance Finished: dag_id=weekly_leads_generation, task_id=engineer_features, run_id=manual__2026-01-28T22:43:14+00:00, map_index=-1, run_start_date=2026-01-28 22:48:56.695527+00:00, run_end_date=2026-01-28 22:48:57.596559+00:00, run_duration=1.901, state=success, executor=LocalExecutor(parallelism=32), executor_state=success, try_number=1, max_tries=2, pool=default_pool, queue=default, priority_weight=4, operator=PythonOperator, queued_dttm=2026-01-28 22:48:56.608830+00:00, scheduled_dttm=2026-01-28 22:48:56.597861+00:00,queued_by_job_id=11, pid=76034 [airflow.jobs.scheduler_job_runner.SchedulerJobRunner] loc=scheduler_job_runner.py:865
2026-01-28T22:48:57.740875Z [info     ] Secrets backends loaded for worker [supervisor] backend_classes=['EnvironmentVariablesBackend', 'MetastoreBackend'] count=2 loc=supervisor.py:1975
2026-01-28T22:48:58.358804Z [info     ] Task finished                  [supervisor] duration=0.6221100830007344 exit_code=0 final_state=success loc=supervisor.py:1995 task_instance_id=019c06c6-7f26-7630-b4f9-6243b1b097e0
2026-01-28T22:48:58.718329Z [info     ] 1 tasks up for execution:
	<TaskInstance: weekly_leads_generation.update_vector_store manual__2026-01-28T22:43:14+00:00 [scheduled]> [airflow.jobs.scheduler_job_runner.SchedulerJobRunner] loc=scheduler_job_runner.py:445
2026-01-28T22:48:58.718551Z [info     ] DAG weekly_leads_generation has 0/16 running and queued tasks [airflow.jobs.scheduler_job_runner.SchedulerJobRunner] loc=scheduler_job_runner.py:517
2026-01-28T22:48:58.718608Z [info     ] Setting the following tasks to queued state:
	<TaskInstance: weekly_leads_generation.update_vector_store manual__2026-01-28T22:43:14+00:00 [scheduled]> [airflow.jobs.scheduler_job_runner.SchedulerJobRunner] loc=scheduler_job_runner.py:656
2026-01-28T22:48:58.718975Z [info     ] Trying to enqueue tasks: [<TaskInstance: weekly_leads_generation.update_vector_store manual__2026-01-28T22:43:14+00:00 [scheduled]>] for executor: LocalExecutor(parallelism=32) [airflow.jobs.scheduler_job_runner.SchedulerJobRunner] loc=scheduler_job_runner.py:741
2026-01-28T22:48:58.727817Z [info     ] Received executor event with state success for task instance TaskInstanceKey(dag_id='weekly_leads_generation', task_id='export_csv', run_id='manual__2026-01-28T22:43:14+00:00', try_number=1, map_index=-1) [airflow.jobs.scheduler_job_runner.SchedulerJobRunner] loc=scheduler_job_runner.py:819
2026-01-28T22:48:58.733346Z [info     ] TaskInstance Finished: dag_id=weekly_leads_generation, task_id=export_csv, run_id=manual__2026-01-28T22:43:14+00:00, map_index=-1, run_start_date=2026-01-28 22:48:57.744249+00:00, run_end_date=2026-01-28 22:48:58.344421+00:00, run_duration=1.6, state=success, executor=LocalExecutor(parallelism=32), executor_state=success, try_number=1, max_tries=2, pool=default_pool, queue=default, priority_weight=3, operator=PythonOperator, queued_dttm=2026-01-28 22:48:57.673833+00:00, scheduled_dttm=2026-01-28 22:48:57.670599+00:00,queued_by_job_id=11, pid=76045 [airflow.jobs.scheduler_job_runner.SchedulerJobRunner] loc=scheduler_job_runner.py:865
2026-01-28T22:48:58.775387Z [info     ] Secrets backends loaded for worker [supervisor] backend_classes=['EnvironmentVariablesBackend', 'MetastoreBackend'] count=2 loc=supervisor.py:1975
2026-01-28T22:49:04.917395Z [info     ] 1 tasks up for execution:
	<TaskInstance: weekly_leads_generation.generate_notification manual__2026-01-28T22:43:14+00:00 [scheduled]> [airflow.jobs.scheduler_job_runner.SchedulerJobRunner] loc=scheduler_job_runner.py:445
2026-01-28T22:49:04.917857Z [info     ] DAG weekly_leads_generation has 0/16 running and queued tasks [airflow.jobs.scheduler_job_runner.SchedulerJobRunner] loc=scheduler_job_runner.py:517
2026-01-28T22:49:04.917934Z [info     ] Setting the following tasks to queued state:
	<TaskInstance: weekly_leads_generation.generate_notification manual__2026-01-28T22:43:14+00:00 [scheduled]> [airflow.jobs.scheduler_job_runner.SchedulerJobRunner] loc=scheduler_job_runner.py:656
2026-01-28T22:49:04.918332Z [info     ] Trying to enqueue tasks: [<TaskInstance: weekly_leads_generation.generate_notification manual__2026-01-28T22:43:14+00:00 [scheduled]>] for executor: LocalExecutor(parallelism=32) [airflow.jobs.scheduler_job_runner.SchedulerJobRunner] loc=scheduler_job_runner.py:741
2026-01-28T22:49:04.983044Z [info     ] Secrets backends loaded for worker [supervisor] backend_classes=['EnvironmentVariablesBackend', 'MetastoreBackend'] count=2 loc=supervisor.py:1975
2026-01-28T22:49:05.361047Z [info     ] Task finished                  [supervisor] duration=6.5907666249986505 exit_code=0 final_state=success loc=supervisor.py:1995 task_instance_id=019c06c6-7f27-7bc4-aaa5-31e99d1fc33e
2026-01-28T22:49:05.794015Z [info     ] Task finished                  [supervisor] duration=0.8152077080012532 exit_code=0 final_state=success loc=supervisor.py:1995 task_instance_id=019c06c6-7f28-7dcd-b2b8-5e5d1834a02a
2026-01-28T22:49:05.963805Z [info     ] Marking run <DagRun weekly_leads_generation @ 2026-01-28 22:43:14+00:00: manual__2026-01-28T22:43:14+00:00, state:running, queued_at: 2026-01-28 22:43:17.904825+00:00. run_type: manual> successful [airflow.models.dagrun.DagRun] loc=dagrun.py:1204
Dag run in success state
Dag run start:2026-01-28 22:43:18.058634+00:00 end:2026-01-28 22:49:05.963937+00:00
2026-01-28T22:49:05.965130Z [info     ] DagRun Finished: dag_id=weekly_leads_generation, logical_date=2026-01-28 22:43:14+00:00, run_id=manual__2026-01-28T22:43:14+00:00, run_start_date=2026-01-28 22:43:18.058634+00:00, run_end_date=2026-01-28 22:49:05.963937+00:00, run_duration=347.905303, state=success, run_type=manual, data_interval_start=2026-01-28 22:43:14+00:00, data_interval_end=2026-01-28 22:43:14+00:00, [airflow.models.dagrun.DagRun] loc=dagrun.py:1274
2026-01-28T22:49:05.967802Z [info     ] Received executor event with state success for task instance TaskInstanceKey(dag_id='weekly_leads_generation', task_id='update_vector_store', run_id='manual__2026-01-28T22:43:14+00:00', try_number=1, map_index=-1) [airflow.jobs.scheduler_job_runner.SchedulerJobRunner] loc=scheduler_job_runner.py:819
2026-01-28T22:49:05.967873Z [info     ] Received executor event with state success for task instance TaskInstanceKey(dag_id='weekly_leads_generation', task_id='generate_notification', run_id='manual__2026-01-28T22:43:14+00:00', try_number=1, map_index=-1) [airflow.jobs.scheduler_job_runner.SchedulerJobRunner] loc=scheduler_job_runner.py:819
2026-01-28T22:49:05.969970Z [info     ] TaskInstance Finished: dag_id=weekly_leads_generation, task_id=generate_notification, run_id=manual__2026-01-28T22:43:14+00:00, map_index=-1, run_start_date=2026-01-28 22:49:04.990667+00:00, run_end_date=2026-01-28 22:49:05.784255+00:00, run_duration=1.7930000000000001, state=success, executor=LocalExecutor(parallelism=32), executor_state=success, try_number=1, max_tries=2, pool=default_pool, queue=default, priority_weight=1, operator=PythonOperator, queued_dttm=2026-01-28 22:49:04.918047+00:00, scheduled_dttm=2026-01-28 22:49:04.914708+00:00,queued_by_job_id=11, pid=76098 [airflow.jobs.scheduler_job_runner.SchedulerJobRunner] loc=scheduler_job_runner.py:865
2026-01-28T22:49:05.970191Z [info     ] TaskInstance Finished: dag_id=weekly_leads_generation, task_id=update_vector_store, run_id=manual__2026-01-28T22:43:14+00:00, map_index=-1, run_start_date=2026-01-28 22:48:58.781926+00:00, run_end_date=2026-01-28 22:49:04.861206+00:00, run_duration=-47.921, state=success, executor=LocalExecutor(parallelism=32), executor_state=success, try_number=1, max_tries=2, pool=default_pool, queue=default, priority_weight=2, operator=PythonOperator, queued_dttm=2026-01-28 22:48:58.718712+00:00, scheduled_dttm=2026-01-28 22:48:58.715895+00:00,queued_by_job_id=11, pid=76053 [airflow.jobs.scheduler_job_runner.SchedulerJobRunner] loc=scheduler_job_runner.py:865
2026-01-28T22:53:47.962294Z [info     ] Adopting or resetting orphaned tasks for active dag runs [airflow.jobs.scheduler_job_runner.SchedulerJobRunner] loc=scheduler_job_runner.py:2321
2026-01-28T22:58:47.981836Z [info     ] Adopting or resetting orphaned tasks for active dag runs [airflow.jobs.scheduler_job_runner.SchedulerJobRunner] loc=scheduler_job_runner.py:2321
2026-01-28T23:03:48.008687Z [info     ] Adopting or resetting orphaned tasks for active dag runs [airflow.jobs.scheduler_job_runner.SchedulerJobRunner] loc=scheduler_job_runner.py:2321
2026-01-28T23:08:47.940529Z [info     ] DAG bundles loaded: dags-folder, example_dags [airflow.dag_processing.bundles.manager.DagBundlesManager] loc=manager.py:179
2026-01-28T23:08:48.034672Z [info     ] Adopting or resetting orphaned tasks for active dag runs [airflow.jobs.scheduler_job_runner.SchedulerJobRunner] loc=scheduler_job_runner.py:2321
2026-01-28T23:13:48.064322Z [info     ] Adopting or resetting orphaned tasks for active dag runs [airflow.jobs.scheduler_job_runner.SchedulerJobRunner] loc=scheduler_job_runner.py:2321
2026-01-28T23:18:48.091468Z [info     ] Adopting or resetting orphaned tasks for active dag runs [airflow.jobs.scheduler_job_runner.SchedulerJobRunner] loc=scheduler_job_runner.py:2321
2026-01-28T23:23:48.121966Z [info     ] Adopting or resetting orphaned tasks for active dag runs [airflow.jobs.scheduler_job_runner.SchedulerJobRunner] loc=scheduler_job_runner.py:2321
2026-01-28T23:28:48.155860Z [info     ] Adopting or resetting orphaned tasks for active dag runs [airflow.jobs.scheduler_job_runner.SchedulerJobRunner] loc=scheduler_job_runner.py:2321
2026-01-28T23:33:48.188324Z [info     ] Adopting or resetting orphaned tasks for active dag runs [airflow.jobs.scheduler_job_runner.SchedulerJobRunner] loc=scheduler_job_runner.py:2321
2026-01-28T23:38:47.981868Z [info     ] DAG bundles loaded: dags-folder, example_dags [airflow.dag_processing.bundles.manager.DagBundlesManager] loc=manager.py:179
2026-01-28T23:38:48.224160Z [info     ] Adopting or resetting orphaned tasks for active dag runs [airflow.jobs.scheduler_job_runner.SchedulerJobRunner] loc=scheduler_job_runner.py:2321
2026-01-28T23:43:48.244306Z [info     ] Adopting or resetting orphaned tasks for active dag runs [airflow.jobs.scheduler_job_runner.SchedulerJobRunner] loc=scheduler_job_runner.py:2321
2026-01-28T23:48:48.273259Z [info     ] Adopting or resetting orphaned tasks for active dag runs [airflow.jobs.scheduler_job_runner.SchedulerJobRunner] loc=scheduler_job_runner.py:2321
2026-01-28T23:53:48.296607Z [info     ] Adopting or resetting orphaned tasks for active dag runs [airflow.jobs.scheduler_job_runner.SchedulerJobRunner] loc=scheduler_job_runner.py:2321
2026-01-28T23:58:48.324694Z [info     ] Adopting or resetting orphaned tasks for active dag runs [airflow.jobs.scheduler_job_runner.SchedulerJobRunner] loc=scheduler_job_runner.py:2321
2026-01-29T00:03:48.351231Z [info     ] Adopting or resetting orphaned tasks for active dag runs [airflow.jobs.scheduler_job_runner.SchedulerJobRunner] loc=scheduler_job_runner.py:2321
2026-01-29T00:08:48.017791Z [info     ] DAG bundles loaded: dags-folder, example_dags [airflow.dag_processing.bundles.manager.DagBundlesManager] loc=manager.py:179
2026-01-29T00:08:48.382274Z [info     ] Adopting or resetting orphaned tasks for active dag runs [airflow.jobs.scheduler_job_runner.SchedulerJobRunner] loc=scheduler_job_runner.py:2321
2026-01-29T00:13:48.409515Z [info     ] Adopting or resetting orphaned tasks for active dag runs [airflow.jobs.scheduler_job_runner.SchedulerJobRunner] loc=scheduler_job_runner.py:2321
2026-01-29T00:18:48.444140Z [info     ] Adopting or resetting orphaned tasks for active dag runs [airflow.jobs.scheduler_job_runner.SchedulerJobRunner] loc=scheduler_job_runner.py:2321
2026-01-29T00:23:48.474751Z [info     ] Adopting or resetting orphaned tasks for active dag runs [airflow.jobs.scheduler_job_runner.SchedulerJobRunner] loc=scheduler_job_runner.py:2321
2026-01-29T00:28:48.507142Z [info     ] Adopting or resetting orphaned tasks for active dag runs [airflow.jobs.scheduler_job_runner.SchedulerJobRunner] loc=scheduler_job_runner.py:2321
2026-01-29T00:33:48.531161Z [info     ] Adopting or resetting orphaned tasks for active dag runs [airflow.jobs.scheduler_job_runner.SchedulerJobRunner] loc=scheduler_job_runner.py:2321
2026-01-29T00:38:48.065610Z [info     ] DAG bundles loaded: dags-folder, example_dags [airflow.dag_processing.bundles.manager.DagBundlesManager] loc=manager.py:179
2026-01-29T00:38:48.563279Z [info     ] Adopting or resetting orphaned tasks for active dag runs [airflow.jobs.scheduler_job_runner.SchedulerJobRunner] loc=scheduler_job_runner.py:2321
2026-01-29T00:43:48.595888Z [info     ] Adopting or resetting orphaned tasks for active dag runs [airflow.jobs.scheduler_job_runner.SchedulerJobRunner] loc=scheduler_job_runner.py:2321
2026-01-29T00:48:48.627411Z [info     ] Adopting or resetting orphaned tasks for active dag runs [airflow.jobs.scheduler_job_runner.SchedulerJobRunner] loc=scheduler_job_runner.py:2321
2026-01-29T00:53:48.659108Z [info     ] Adopting or resetting orphaned tasks for active dag runs [airflow.jobs.scheduler_job_runner.SchedulerJobRunner] loc=scheduler_job_runner.py:2321
2026-01-29T00:58:48.685443Z [info     ] Adopting or resetting orphaned tasks for active dag runs [airflow.jobs.scheduler_job_runner.SchedulerJobRunner] loc=scheduler_job_runner.py:2321
2026-01-29T01:03:48.705216Z [info     ] Adopting or resetting orphaned tasks for active dag runs [airflow.jobs.scheduler_job_runner.SchedulerJobRunner] loc=scheduler_job_runner.py:2321
2026-01-29T01:08:48.094189Z [info     ] DAG bundles loaded: dags-folder, example_dags [airflow.dag_processing.bundles.manager.DagBundlesManager] loc=manager.py:179
2026-01-29T01:08:48.733371Z [info     ] Adopting or resetting orphaned tasks for active dag runs [airflow.jobs.scheduler_job_runner.SchedulerJobRunner] loc=scheduler_job_runner.py:2321
2026-01-29T01:13:48.762622Z [info     ] Adopting or resetting orphaned tasks for active dag runs [airflow.jobs.scheduler_job_runner.SchedulerJobRunner] loc=scheduler_job_runner.py:2321
2026-01-29T01:18:48.794648Z [info     ] Adopting or resetting orphaned tasks for active dag runs [airflow.jobs.scheduler_job_runner.SchedulerJobRunner] loc=scheduler_job_runner.py:2321
2026-01-29T01:23:48.811835Z [info     ] Adopting or resetting orphaned tasks for active dag runs [airflow.jobs.scheduler_job_runner.SchedulerJobRunner] loc=scheduler_job_runner.py:2321
2026-01-29T01:28:48.839515Z [info     ] Adopting or resetting orphaned tasks for active dag runs [airflow.jobs.scheduler_job_runner.SchedulerJobRunner] loc=scheduler_job_runner.py:2321
