{"timestamp":"2026-01-28T20:48:06.510004Z","level":"info","event":"DAG bundles loaded: dags-folder, example_dags","logger":"airflow.dag_processing.bundles.manager.DagBundlesManager","filename":"manager.py","lineno":179}
{"timestamp":"2026-01-28T20:48:06.510222Z","level":"info","event":"Filling up the DagBag from /Users/patchi.g/doordash-automation-project/airflow/dags/leads_generation.py","logger":"airflow.models.dagbag.DagBag","filename":"dagbag.py","lineno":593}
{"timestamp":"2026-01-28T20:48:06.576561Z","level":"info","event":"Task instance is in running state","logger":"task.stdout"}
{"timestamp":"2026-01-28T20:48:06.576633Z","level":"info","event":" Previous state of the Task instance: TaskInstanceState.QUEUED","logger":"task.stdout"}
{"timestamp":"2026-01-28T20:48:06.578960Z","level":"info","event":"Current task name:export_google_sheets","logger":"task.stdout"}
{"timestamp":"2026-01-28T20:48:06.579091Z","level":"info","event":"Dag name:weekly_leads_generation","logger":"task.stdout"}
{"timestamp":"2026-01-28T20:48:06.762104Z","level":"info","event":"Starting Google Sheets export task","logger":"unusual_prefix_33ff983d312f0aded6bc88c2f04ea97767e27876_leads_generation","filename":"leads_generation.py","lineno":156}
{"timestamp":"2026-01-28T20:48:06.762197Z","level":"info","event":"============================================================","logger":"export_google_sheets","filename":"export_google_sheets.py","lineno":298}
{"timestamp":"2026-01-28T20:48:06.762229Z","level":"info","event":"GOOGLE SHEETS EXPORT","logger":"export_google_sheets","filename":"export_google_sheets.py","lineno":299}
{"timestamp":"2026-01-28T20:48:06.762252Z","level":"info","event":"============================================================","logger":"export_google_sheets","filename":"export_google_sheets.py","lineno":300}
{"timestamp":"2026-01-28T20:48:06.762275Z","level":"info","event":"Authenticating with Google Sheets API","logger":"export_google_sheets","filename":"export_google_sheets.py","lineno":35}
{"timestamp":"2026-01-28T20:48:06.837989Z","level":"info","event":"Authentication successful","logger":"export_google_sheets","filename":"export_google_sheets.py","lineno":55}
{"timestamp":"2026-01-28T20:48:06.838916Z","level":"info","event":"Loading data from: /Users/patchi.g/doordash-automation-project/data/processed/scored_leads_20260128_154303.csv","logger":"export_google_sheets","filename":"export_google_sheets.py","lineno":75}
{"timestamp":"2026-01-28T20:48:06.847057Z","level":"info","event":"Loaded 574 scored leads","logger":"export_google_sheets","filename":"export_google_sheets.py","lineno":78}
{"timestamp":"2026-01-28T20:48:06.847115Z","level":"info","event":"Applying vertical-specific filters","logger":"export_google_sheets","filename":"export_google_sheets.py","lineno":94}
{"timestamp":"2026-01-28T20:48:06.850889Z","level":"info","event":"  restaurants: 200 leads","logger":"export_google_sheets","filename":"export_google_sheets.py","lineno":111}
{"timestamp":"2026-01-28T20:48:06.851105Z","level":"warning","event":"  grocery: No leads found","logger":"export_google_sheets","filename":"export_google_sheets.py","lineno":102}
{"timestamp":"2026-01-28T20:48:06.851259Z","level":"warning","event":"  retail: No leads found","logger":"export_google_sheets","filename":"export_google_sheets.py","lineno":102}
{"timestamp":"2026-01-28T20:48:06.851749Z","level":"info","event":"Exporting restaurants to Google Sheet: Week5_2026_Restaurants_Leads","logger":"export_google_sheets","filename":"export_google_sheets.py","lineno":172}
{"timestamp":"2026-01-28T20:48:07.680313Z","level":"error","event":"Google Sheets export failed: APIError: [403]: The user's Drive storage quota has been exceeded.","logger":"export_google_sheets","filename":"export_google_sheets.py","lineno":341}
{"timestamp":"2026-01-28T20:48:07.680391Z","level":"error","event":"Google Sheets export failed: APIError: [403]: The user's Drive storage quota has been exceeded.","logger":"unusual_prefix_33ff983d312f0aded6bc88c2f04ea97767e27876_leads_generation","filename":"leads_generation.py","lineno":172}
{"timestamp":"2026-01-28T20:48:07.680470Z","level":"error","event":"Task failed with exception","logger":"task","filename":"task_runner.py","lineno":1078,"error_detail":[{"exc_type":"APIError","exc_value":"APIError: [403]: The user's Drive storage quota has been exceeded.","exc_notes":[],"syntax_error":null,"is_cause":false,"frames":[{"filename":"/Users/patchi.g/doordash-automation-project/venv/lib/python3.12/site-packages/airflow/sdk/execution_time/task_runner.py","lineno":1004,"name":"run"},{"filename":"/Users/patchi.g/doordash-automation-project/venv/lib/python3.12/site-packages/airflow/sdk/execution_time/task_runner.py","lineno":1405,"name":"_execute_task"},{"filename":"/Users/patchi.g/doordash-automation-project/venv/lib/python3.12/site-packages/airflow/sdk/bases/operator.py","lineno":417,"name":"wrapper"},{"filename":"/Users/patchi.g/doordash-automation-project/venv/lib/python3.12/site-packages/airflow/providers/standard/operators/python.py","lineno":214,"name":"execute"},{"filename":"/Users/patchi.g/doordash-automation-project/venv/lib/python3.12/site-packages/airflow/providers/standard/operators/python.py","lineno":237,"name":"execute_callable"},{"filename":"/Users/patchi.g/doordash-automation-project/venv/lib/python3.12/site-packages/airflow/sdk/execution_time/callback_runner.py","lineno":82,"name":"run"},{"filename":"/Users/patchi.g/doordash-automation-project/airflow/dags/leads_generation.py","lineno":163,"name":"task_export_google_sheets"},{"filename":"/Users/patchi.g/doordash-automation-project/src/export_google_sheets.py","lineno":319,"name":"export_to_google_sheets"},{"filename":"/Users/patchi.g/doordash-automation-project/src/export_google_sheets.py","lineno":174,"name":"export_vertical_to_sheet"},{"filename":"/Users/patchi.g/doordash-automation-project/src/export_google_sheets.py","lineno":132,"name":"create_or_open_spreadsheet"},{"filename":"/Users/patchi.g/doordash-automation-project/venv/lib/python3.12/site-packages/gspread/client.py","lineno":234,"name":"create"},{"filename":"/Users/patchi.g/doordash-automation-project/venv/lib/python3.12/site-packages/gspread/http_client.py","lineno":128,"name":"request"}],"is_group":false,"exceptions":[]},{"exc_type":"SpreadsheetNotFound","exc_value":"<Response [200]>","exc_notes":[],"syntax_error":null,"is_cause":false,"frames":[{"filename":"/Users/patchi.g/doordash-automation-project/src/export_google_sheets.py","lineno":129,"name":"create_or_open_spreadsheet"},{"filename":"/Users/patchi.g/doordash-automation-project/venv/lib/python3.12/site-packages/gspread/client.py","lineno":152,"name":"open"}],"is_group":false,"exceptions":[]},{"exc_type":"StopIteration","exc_value":"","exc_notes":[],"syntax_error":null,"is_cause":true,"frames":[{"filename":"/Users/patchi.g/doordash-automation-project/venv/lib/python3.12/site-packages/gspread/client.py","lineno":147,"name":"open"},{"filename":"/Users/patchi.g/doordash-automation-project/venv/lib/python3.12/site-packages/gspread/utils.py","lineno":224,"name":"finditem"}],"is_group":false,"exceptions":[]}]}
{"timestamp":"2026-01-28T20:48:07.695868Z","level":"info","event":"Task instance in failure state","logger":"task.stdout"}
{"timestamp":"2026-01-28T20:48:07.696260Z","level":"info","event":"Task start","logger":"task.stdout"}
{"timestamp":"2026-01-28T20:48:07.696295Z","level":"info","event":"Task:<Task(PythonOperator): export_google_sheets>","logger":"task.stdout"}
{"timestamp":"2026-01-28T20:48:07.696317Z","level":"info","event":"Failure caused by APIError: [403]: The user's Drive storage quota has been exceeded.","logger":"task.stdout"}
