{"timestamp":"2026-01-28T22:20:12.412896Z","level":"info","event":"DAG bundles loaded: dags-folder, example_dags","logger":"airflow.dag_processing.bundles.manager.DagBundlesManager","filename":"manager.py","lineno":179}
{"timestamp":"2026-01-28T22:20:12.413112Z","level":"info","event":"Filling up the DagBag from /Users/patchi.g/doordash-automation-project/airflow/dags/leads_generation.py","logger":"airflow.models.dagbag.DagBag","filename":"dagbag.py","lineno":593}
{"timestamp":"2026-01-28T22:20:12.432673Z","level":"info","event":"Task instance is in running state","logger":"task.stdout"}
{"timestamp":"2026-01-28T22:20:12.432732Z","level":"info","event":" Previous state of the Task instance: TaskInstanceState.QUEUED","logger":"task.stdout"}
{"timestamp":"2026-01-28T22:20:12.433009Z","level":"info","event":"Current task name:export_csv","logger":"task.stdout"}
{"timestamp":"2026-01-28T22:20:12.433032Z","level":"info","event":"Dag name:weekly_leads_generation","logger":"task.stdout"}
{"timestamp":"2026-01-28T22:20:12.435126Z","level":"info","event":"Starting CSV export task","logger":"unusual_prefix_33ff983d312f0aded6bc88c2f04ea97767e27876_leads_generation","filename":"leads_generation.py","lineno":121}
{"timestamp":"2026-01-28T22:20:12.435327Z","level":"info","event":"Loading data from: /Users/patchi.g/doordash-automation-project/data/processed/scored_leads_20260128_172011.csv","logger":"export_leads","filename":"export_leads.py","lineno":36}
{"timestamp":"2026-01-28T22:20:12.440539Z","level":"info","event":"Loaded 577 scored leads","logger":"export_leads","filename":"export_leads.py","lineno":39}
{"timestamp":"2026-01-28T22:20:12.440584Z","level":"info","event":"Applying vertical-specific filters","logger":"export_leads","filename":"export_leads.py","lineno":55}
{"timestamp":"2026-01-28T22:20:12.441596Z","level":"info","event":"  restaurants: 200 leads (filtered from 577, min score: 50, target: 200)","logger":"export_leads","filename":"export_leads.py","lineno":78}
{"timestamp":"2026-01-28T22:20:12.441818Z","level":"warning","event":"  grocery: No leads found","logger":"export_leads","filename":"export_leads.py","lineno":64}
{"timestamp":"2026-01-28T22:20:12.441976Z","level":"warning","event":"  retail: No leads found","logger":"export_leads","filename":"export_leads.py","lineno":64}
{"timestamp":"2026-01-28T22:20:12.442006Z","level":"info","event":"Exporting to CSV files","logger":"export_leads","filename":"export_leads.py","lineno":94}
{"timestamp":"2026-01-28T22:20:12.445549Z","level":"info","event":"  Exported restaurants: /Users/patchi.g/doordash-automation-project/data/output/restaurants_leads_week5_2026_20260128_172012.csv (200 leads)","logger":"export_leads","filename":"export_leads.py","lineno":134}
{"timestamp":"2026-01-28T22:20:12.445597Z","level":"info","event":"Creating combined export file","logger":"export_leads","filename":"export_leads.py","lineno":186}
{"timestamp":"2026-01-28T22:20:12.447622Z","level":"info","event":"Combined export created: /Users/patchi.g/doordash-automation-project/data/output/all_leads_combined_20260128_172012.csv (200 leads)","logger":"export_leads","filename":"export_leads.py","lineno":228}
{"timestamp":"2026-01-28T22:20:12.447674Z","level":"info","event":"Generating sales team summary","logger":"export_leads","filename":"export_leads.py","lineno":244}
{"timestamp":"2026-01-28T22:20:12.448917Z","level":"info","event":"Sales summary saved to /Users/patchi.g/doordash-automation-project/data/output/sales_summary_week5_2026_20260128_172012.txt","logger":"export_leads","filename":"export_leads.py","lineno":272}
{"timestamp":"2026-01-28T22:20:12.448954Z","level":"info","event":"CSV export completed: 200 leads","logger":"unusual_prefix_33ff983d312f0aded6bc88c2f04ea97767e27876_leads_generation","filename":"leads_generation.py","lineno":136}
{"timestamp":"2026-01-28T22:20:12.463012Z","level":"info","event":"Done. Returned value was: {'restaurants': '/Users/patchi.g/doordash-automation-project/data/output/restaurants_leads_week5_2026_20260128_172012.csv'}","logger":"airflow.task.operators.airflow.providers.standard.operators.python.PythonOperator","filename":"python.py","lineno":216}
{"timestamp":"2026-01-28T22:20:12.463114Z","level":"info","event":"Pushing xcom","ti":"RuntimeTaskInstance(id=UUID('019c06a8-ac61-72da-bfc5-7da7fe8ce4be'), task_id='export_csv', dag_id='weekly_leads_generation', run_id='manual__2026-01-28T22:10:41+00:00', try_number=1, dag_version_id=UUID('019c06a7-0e0b-7f6c-afe6-86d04e458d34'), map_index=-1, hostname='gouthams-macbook-pro.local', context_carrier={}, task=<Task(PythonOperator): export_csv>, bundle_instance=LocalDagBundle(name=dags-folder), max_tries=2, start_date=datetime.datetime(2026, 1, 28, 22, 20, 11, 987527, tzinfo=datetime.timezone.utc), end_date=None, state=<TaskInstanceState.RUNNING: 'running'>, is_mapped=False, rendered_map_index=None)","logger":"task","filename":"task_runner.py","lineno":1450}
{"timestamp":"2026-01-28T22:20:12.471783Z","level":"info","event":"Task instance in success state","logger":"task.stdout"}
{"timestamp":"2026-01-28T22:20:12.471823Z","level":"info","event":" Previous state of the Task instance: TaskInstanceState.RUNNING","logger":"task.stdout"}
{"timestamp":"2026-01-28T22:20:12.472178Z","level":"info","event":"Task operator:<Task(PythonOperator): export_csv>","logger":"task.stdout"}
